Document: ID=ingo cleveland he.txt (1 sentences, 365 tokens)

Sentence #1 (365 tokens):
clexlalj rev iii jv ot trallmnnr from arknxnn to mr til tea kxllmol otthxt mtuteimiib loom me jon pglaf ttmmmiat the following pmphrtlo paragraph per in the six on july 484 he bad labored ugalnit the democratic dart not for 11 ii engaged in ronal folio which sort not include the bullitlnn up and itrengtlieclnffof the democratic part but the butldln up and itrenffth ingo cleveland he may bo strong with those who ara not democrat with democrats he is weak the attempt to nominate mr cleveland at chicago low toward using the democracy for the benefit of man who desires to bo strong not through his party but in spite of that is the reason these jolting itepuu icons like him so much he hell man lies not the man of the ixmiiocracr ever democrat elected lu ofllcc should go nn as cleveland hasdone the demo critic party 011 speedily ill out mr cleveland attempt may succeed the world loves to be deluded but the democratic cause can not gain much by going through the process that was tun finds tight ten rear ago on last ingr 4 never there clearer and more lucid prophecy never was foresight of conlin events more keenly cvcnlr and more correctly illustrated never lu nail of our read ing has forecast of political events been so closely and accurately estimated our sons opinion then was our opinion we had been to flreystonn month before the article was published in tin sun wo had talked with samuel jones tilden the age and once hi savior democracy wo hod listened to owl of uu then what tub simuild we wore astonished as no listened to the great old democrat but wo believed what he said then and we have since realized the youthfulness of his statements re guarding mr cac land wo returned to our less we stated in print what we and ben old by the ago of gramercy ink but no one icllevrd us nod elmo alone has prove the correctness of our asseverations we do not tel avenged we are distressed to know that the half had not ben told when we said that cleveland not democrat

Tokens:
[Text=clexlalj CharacterOffsetBegin=2 CharacterOffsetEnd=10 PartOfSpeech=NN Lemma=clexlalj NamedEntityTag=O]
[Text=rev CharacterOffsetBegin=11 CharacterOffsetEnd=14 PartOfSpeech=NN Lemma=rev NamedEntityTag=O]
[Text=iii CharacterOffsetBegin=15 CharacterOffsetEnd=18 PartOfSpeech=CD Lemma=iii NamedEntityTag=NUMBER NormalizedNamedEntityTag=0.0]
[Text=jv CharacterOffsetBegin=19 CharacterOffsetEnd=21 PartOfSpeech=NN Lemma=jv NamedEntityTag=O]
[Text=ot CharacterOffsetBegin=22 CharacterOffsetEnd=24 PartOfSpeech=TO Lemma=ot NamedEntityTag=O]
[Text=trallmnnr CharacterOffsetBegin=25 CharacterOffsetEnd=34 PartOfSpeech=VB Lemma=trallmnnr NamedEntityTag=O]
[Text=from CharacterOffsetBegin=35 CharacterOffsetEnd=39 PartOfSpeech=IN Lemma=from NamedEntityTag=O]
[Text=arknxnn CharacterOffsetBegin=40 CharacterOffsetEnd=47 PartOfSpeech=NN Lemma=arknxnn NamedEntityTag=O]
[Text=to CharacterOffsetBegin=48 CharacterOffsetEnd=50 PartOfSpeech=IN Lemma=to NamedEntityTag=O]
[Text=mr CharacterOffsetBegin=51 CharacterOffsetEnd=53 PartOfSpeech=NN Lemma=mr NamedEntityTag=O]
[Text=til CharacterOffsetBegin=54 CharacterOffsetEnd=57 PartOfSpeech=IN Lemma=til NamedEntityTag=O]
[Text=tea CharacterOffsetBegin=58 CharacterOffsetEnd=61 PartOfSpeech=NN Lemma=tea NamedEntityTag=O]
[Text=kxllmol CharacterOffsetBegin=62 CharacterOffsetEnd=69 PartOfSpeech=NN Lemma=kxllmol NamedEntityTag=O]
[Text=otthxt CharacterOffsetBegin=70 CharacterOffsetEnd=76 PartOfSpeech=NN Lemma=otthxt NamedEntityTag=O]
[Text=mtuteimiib CharacterOffsetBegin=77 CharacterOffsetEnd=87 PartOfSpeech=NN Lemma=mtuteimiib NamedEntityTag=O]
[Text=loom CharacterOffsetBegin=88 CharacterOffsetEnd=92 PartOfSpeech=VB Lemma=loom NamedEntityTag=O]
[Text=me CharacterOffsetBegin=93 CharacterOffsetEnd=95 PartOfSpeech=PRP Lemma=I NamedEntityTag=O]
[Text=jon CharacterOffsetBegin=96 CharacterOffsetEnd=99 PartOfSpeech=NN Lemma=jon NamedEntityTag=O]
[Text=pglaf CharacterOffsetBegin=100 CharacterOffsetEnd=105 PartOfSpeech=NN Lemma=pglaf NamedEntityTag=O]
[Text=ttmmmiat CharacterOffsetBegin=106 CharacterOffsetEnd=114 PartOfSpeech=VBD Lemma=ttmmmiat NamedEntityTag=O]
[Text=the CharacterOffsetBegin=115 CharacterOffsetEnd=118 PartOfSpeech=DT Lemma=the NamedEntityTag=O]
[Text=following CharacterOffsetBegin=119 CharacterOffsetEnd=128 PartOfSpeech=VBG Lemma=follow NamedEntityTag=O]
[Text=pmphrtlo CharacterOffsetBegin=129 CharacterOffsetEnd=137 PartOfSpeech=NN Lemma=pmphrtlo NamedEntityTag=O]
[Text=paragraph CharacterOffsetBegin=138 CharacterOffsetEnd=147 PartOfSpeech=NN Lemma=paragraph NamedEntityTag=O]
[Text=per CharacterOffsetBegin=148 CharacterOffsetEnd=151 PartOfSpeech=IN Lemma=per NamedEntityTag=O]
[Text=in CharacterOffsetBegin=152 CharacterOffsetEnd=154 PartOfSpeech=IN Lemma=in NamedEntityTag=O]
[Text=the CharacterOffsetBegin=155 CharacterOffsetEnd=158 PartOfSpeech=DT Lemma=the NamedEntityTag=O]
[Text=six CharacterOffsetBegin=159 CharacterOffsetEnd=162 PartOfSpeech=CD Lemma=six NamedEntityTag=NUMBER NormalizedNamedEntityTag=6.0]
[Text=on CharacterOffsetBegin=163 CharacterOffsetEnd=165 PartOfSpeech=IN Lemma=on NamedEntityTag=O]
[Text=july CharacterOffsetBegin=166 CharacterOffsetEnd=170 PartOfSpeech=NNP Lemma=july NamedEntityTag=DATE NormalizedNamedEntityTag=XXXX-07 Timex=<TIMEX3 tid="t1" type="DATE" value="XXXX-07">july</TIMEX3>]
[Text=484 CharacterOffsetBegin=171 CharacterOffsetEnd=174 PartOfSpeech=CD Lemma=484 NamedEntityTag=NUMBER NormalizedNamedEntityTag=484.0]
[Text=he CharacterOffsetBegin=175 CharacterOffsetEnd=177 PartOfSpeech=PRP Lemma=he NamedEntityTag=O]
[Text=bad CharacterOffsetBegin=178 CharacterOffsetEnd=181 PartOfSpeech=JJ Lemma=bad NamedEntityTag=O]
[Text=labored CharacterOffsetBegin=182 CharacterOffsetEnd=189 PartOfSpeech=VBD Lemma=labor NamedEntityTag=O]
[Text=ugalnit CharacterOffsetBegin=190 CharacterOffsetEnd=197 PartOfSpeech=NN Lemma=ugalnit NamedEntityTag=O]
[Text=the CharacterOffsetBegin=198 CharacterOffsetEnd=201 PartOfSpeech=DT Lemma=the NamedEntityTag=O]
[Text=democratic CharacterOffsetBegin=202 CharacterOffsetEnd=212 PartOfSpeech=JJ Lemma=democratic NamedEntityTag=IDEOLOGY]
[Text=dart CharacterOffsetBegin=213 CharacterOffsetEnd=217 PartOfSpeech=NN Lemma=dart NamedEntityTag=O]
[Text=not CharacterOffsetBegin=218 CharacterOffsetEnd=221 PartOfSpeech=RB Lemma=not NamedEntityTag=O]
[Text=for CharacterOffsetBegin=222 CharacterOffsetEnd=225 PartOfSpeech=IN Lemma=for NamedEntityTag=O]
[Text=11 CharacterOffsetBegin=226 CharacterOffsetEnd=228 PartOfSpeech=CD Lemma=11 NamedEntityTag=NUMBER NormalizedNamedEntityTag=11.0]
[Text=ii CharacterOffsetBegin=229 CharacterOffsetEnd=231 PartOfSpeech=CD Lemma=ii NamedEntityTag=NUMBER NormalizedNamedEntityTag=0.0]
[Text=engaged CharacterOffsetBegin=232 CharacterOffsetEnd=239 PartOfSpeech=VBN Lemma=engage NamedEntityTag=O]
[Text=in CharacterOffsetBegin=240 CharacterOffsetEnd=242 PartOfSpeech=IN Lemma=in NamedEntityTag=O]
[Text=ronal CharacterOffsetBegin=243 CharacterOffsetEnd=248 PartOfSpeech=JJ Lemma=ronal NamedEntityTag=O]
[Text=folio CharacterOffsetBegin=249 CharacterOffsetEnd=254 PartOfSpeech=NN Lemma=folio NamedEntityTag=O]
[Text=which CharacterOffsetBegin=255 CharacterOffsetEnd=260 PartOfSpeech=WDT Lemma=which NamedEntityTag=O]
[Text=sort CharacterOffsetBegin=261 CharacterOffsetEnd=265 PartOfSpeech=RB Lemma=sort NamedEntityTag=O]
[Text=not CharacterOffsetBegin=266 CharacterOffsetEnd=269 PartOfSpeech=RB Lemma=not NamedEntityTag=O]
[Text=include CharacterOffsetBegin=270 CharacterOffsetEnd=277 PartOfSpeech=VB Lemma=include NamedEntityTag=O]
[Text=the CharacterOffsetBegin=278 CharacterOffsetEnd=281 PartOfSpeech=DT Lemma=the NamedEntityTag=O]
[Text=bullitlnn CharacterOffsetBegin=282 CharacterOffsetEnd=291 PartOfSpeech=NN Lemma=bullitlnn NamedEntityTag=O]
[Text=up CharacterOffsetBegin=292 CharacterOffsetEnd=294 PartOfSpeech=RP Lemma=up NamedEntityTag=O]
[Text=and CharacterOffsetBegin=295 CharacterOffsetEnd=298 PartOfSpeech=CC Lemma=and NamedEntityTag=O]
[Text=itrengtlieclnffof CharacterOffsetBegin=299 CharacterOffsetEnd=316 PartOfSpeech=VBD Lemma=itrengtlieclnffof NamedEntityTag=O]
[Text=the CharacterOffsetBegin=317 CharacterOffsetEnd=320 PartOfSpeech=DT Lemma=the NamedEntityTag=O]
[Text=democratic CharacterOffsetBegin=321 CharacterOffsetEnd=331 PartOfSpeech=JJ Lemma=democratic NamedEntityTag=IDEOLOGY]
[Text=part CharacterOffsetBegin=332 CharacterOffsetEnd=336 PartOfSpeech=NN Lemma=part NamedEntityTag=O]
[Text=but CharacterOffsetBegin=337 CharacterOffsetEnd=340 PartOfSpeech=CC Lemma=but NamedEntityTag=O]
[Text=the CharacterOffsetBegin=341 CharacterOffsetEnd=344 PartOfSpeech=DT Lemma=the NamedEntityTag=O]
[Text=butldln CharacterOffsetBegin=345 CharacterOffsetEnd=352 PartOfSpeech=NN Lemma=butldln NamedEntityTag=O]
[Text=up CharacterOffsetBegin=353 CharacterOffsetEnd=355 PartOfSpeech=RP Lemma=up NamedEntityTag=O]
[Text=and CharacterOffsetBegin=356 CharacterOffsetEnd=359 PartOfSpeech=CC Lemma=and NamedEntityTag=O]
[Text=itrenffth CharacterOffsetBegin=360 CharacterOffsetEnd=369 PartOfSpeech=JJ Lemma=itrenffth NamedEntityTag=O]
[Text=ingo CharacterOffsetBegin=370 CharacterOffsetEnd=374 PartOfSpeech=NN Lemma=ingo NamedEntityTag=O]
[Text=cleveland CharacterOffsetBegin=375 CharacterOffsetEnd=384 PartOfSpeech=NN Lemma=cleveland NamedEntityTag=O]
[Text=he CharacterOffsetBegin=385 CharacterOffsetEnd=387 PartOfSpeech=PRP Lemma=he NamedEntityTag=O]
[Text=may CharacterOffsetBegin=388 CharacterOffsetEnd=391 PartOfSpeech=MD Lemma=may NamedEntityTag=O]
[Text=bo CharacterOffsetBegin=392 CharacterOffsetEnd=394 PartOfSpeech=NN Lemma=bo NamedEntityTag=O]
[Text=strong CharacterOffsetBegin=395 CharacterOffsetEnd=401 PartOfSpeech=JJ Lemma=strong NamedEntityTag=O]
[Text=with CharacterOffsetBegin=402 CharacterOffsetEnd=406 PartOfSpeech=IN Lemma=with NamedEntityTag=O]
[Text=those CharacterOffsetBegin=407 CharacterOffsetEnd=412 PartOfSpeech=DT Lemma=those NamedEntityTag=O]
[Text=who CharacterOffsetBegin=413 CharacterOffsetEnd=416 PartOfSpeech=WP Lemma=who NamedEntityTag=O]
[Text=ara CharacterOffsetBegin=417 CharacterOffsetEnd=420 PartOfSpeech=VBP Lemma=ara NamedEntityTag=O]
[Text=not CharacterOffsetBegin=421 CharacterOffsetEnd=424 PartOfSpeech=RB Lemma=not NamedEntityTag=O]
[Text=democrat CharacterOffsetBegin=425 CharacterOffsetEnd=433 PartOfSpeech=NNP Lemma=democrat NamedEntityTag=O]
[Text=with CharacterOffsetBegin=434 CharacterOffsetEnd=438 PartOfSpeech=IN Lemma=with NamedEntityTag=O]
[Text=democrats CharacterOffsetBegin=439 CharacterOffsetEnd=448 PartOfSpeech=NNPS Lemma=democrats NamedEntityTag=IDEOLOGY]
[Text=he CharacterOffsetBegin=449 CharacterOffsetEnd=451 PartOfSpeech=PRP Lemma=he NamedEntityTag=O]
[Text=is CharacterOffsetBegin=452 CharacterOffsetEnd=454 PartOfSpeech=VBZ Lemma=be NamedEntityTag=O]
[Text=weak CharacterOffsetBegin=455 CharacterOffsetEnd=459 PartOfSpeech=JJ Lemma=weak NamedEntityTag=O]
[Text=the CharacterOffsetBegin=460 CharacterOffsetEnd=463 PartOfSpeech=DT Lemma=the NamedEntityTag=O]
[Text=attempt CharacterOffsetBegin=464 CharacterOffsetEnd=471 PartOfSpeech=NN Lemma=attempt NamedEntityTag=O]
[Text=to CharacterOffsetBegin=472 CharacterOffsetEnd=474 PartOfSpeech=TO Lemma=to NamedEntityTag=O]
[Text=nominate CharacterOffsetBegin=475 CharacterOffsetEnd=483 PartOfSpeech=VB Lemma=nominate NamedEntityTag=O]
[Text=mr CharacterOffsetBegin=484 CharacterOffsetEnd=486 PartOfSpeech=NN Lemma=mr NamedEntityTag=O]
[Text=cleveland CharacterOffsetBegin=487 CharacterOffsetEnd=496 PartOfSpeech=NN Lemma=cleveland NamedEntityTag=O]
[Text=at CharacterOffsetBegin=497 CharacterOffsetEnd=499 PartOfSpeech=IN Lemma=at NamedEntityTag=O]
[Text=chicago CharacterOffsetBegin=500 CharacterOffsetEnd=507 PartOfSpeech=NNP Lemma=chicago NamedEntityTag=O]
[Text=low CharacterOffsetBegin=508 CharacterOffsetEnd=511 PartOfSpeech=JJ Lemma=low NamedEntityTag=O]
[Text=toward CharacterOffsetBegin=512 CharacterOffsetEnd=518 PartOfSpeech=IN Lemma=toward NamedEntityTag=O]
[Text=using CharacterOffsetBegin=519 CharacterOffsetEnd=524 PartOfSpeech=VBG Lemma=use NamedEntityTag=O]
[Text=the CharacterOffsetBegin=525 CharacterOffsetEnd=528 PartOfSpeech=DT Lemma=the NamedEntityTag=O]
[Text=democracy CharacterOffsetBegin=529 CharacterOffsetEnd=538 PartOfSpeech=NN Lemma=democracy NamedEntityTag=IDEOLOGY]
[Text=for CharacterOffsetBegin=539 CharacterOffsetEnd=542 PartOfSpeech=IN Lemma=for NamedEntityTag=O]
[Text=the CharacterOffsetBegin=543 CharacterOffsetEnd=546 PartOfSpeech=DT Lemma=the NamedEntityTag=O]
[Text=benefit CharacterOffsetBegin=547 CharacterOffsetEnd=554 PartOfSpeech=NN Lemma=benefit NamedEntityTag=O]
[Text=of CharacterOffsetBegin=555 CharacterOffsetEnd=557 PartOfSpeech=IN Lemma=of NamedEntityTag=O]
[Text=man CharacterOffsetBegin=558 CharacterOffsetEnd=561 PartOfSpeech=NN Lemma=man NamedEntityTag=O]
[Text=who CharacterOffsetBegin=562 CharacterOffsetEnd=565 PartOfSpeech=WP Lemma=who NamedEntityTag=O]
[Text=desires CharacterOffsetBegin=566 CharacterOffsetEnd=573 PartOfSpeech=VBZ Lemma=desire NamedEntityTag=O]
[Text=to CharacterOffsetBegin=574 CharacterOffsetEnd=576 PartOfSpeech=IN Lemma=to NamedEntityTag=O]
[Text=bo CharacterOffsetBegin=577 CharacterOffsetEnd=579 PartOfSpeech=NN Lemma=bo NamedEntityTag=O]
[Text=strong CharacterOffsetBegin=580 CharacterOffsetEnd=586 PartOfSpeech=JJ Lemma=strong NamedEntityTag=O]
[Text=not CharacterOffsetBegin=587 CharacterOffsetEnd=590 PartOfSpeech=RB Lemma=not NamedEntityTag=O]
[Text=through CharacterOffsetBegin=591 CharacterOffsetEnd=598 PartOfSpeech=IN Lemma=through NamedEntityTag=O]
[Text=his CharacterOffsetBegin=599 CharacterOffsetEnd=602 PartOfSpeech=PRP$ Lemma=he NamedEntityTag=O]
[Text=party CharacterOffsetBegin=603 CharacterOffsetEnd=608 PartOfSpeech=NN Lemma=party NamedEntityTag=O]
[Text=but CharacterOffsetBegin=609 CharacterOffsetEnd=612 PartOfSpeech=CC Lemma=but NamedEntityTag=O]
[Text=in CharacterOffsetBegin=613 CharacterOffsetEnd=615 PartOfSpeech=IN Lemma=in NamedEntityTag=O]
[Text=spite CharacterOffsetBegin=616 CharacterOffsetEnd=621 PartOfSpeech=NN Lemma=spite NamedEntityTag=O]
[Text=of CharacterOffsetBegin=622 CharacterOffsetEnd=624 PartOfSpeech=IN Lemma=of NamedEntityTag=O]
[Text=that CharacterOffsetBegin=625 CharacterOffsetEnd=629 PartOfSpeech=DT Lemma=that NamedEntityTag=O]
[Text=is CharacterOffsetBegin=630 CharacterOffsetEnd=632 PartOfSpeech=VBZ Lemma=be NamedEntityTag=O]
[Text=the CharacterOffsetBegin=633 CharacterOffsetEnd=636 PartOfSpeech=DT Lemma=the NamedEntityTag=O]
[Text=reason CharacterOffsetBegin=637 CharacterOffsetEnd=643 PartOfSpeech=NN Lemma=reason NamedEntityTag=O]
[Text=these CharacterOffsetBegin=644 CharacterOffsetEnd=649 PartOfSpeech=DT Lemma=these NamedEntityTag=O]
[Text=jolting CharacterOffsetBegin=650 CharacterOffsetEnd=657 PartOfSpeech=JJ Lemma=jolting NamedEntityTag=O]
[Text=itepuu CharacterOffsetBegin=658 CharacterOffsetEnd=664 PartOfSpeech=NN Lemma=itepuu NamedEntityTag=O]
[Text=icons CharacterOffsetBegin=665 CharacterOffsetEnd=670 PartOfSpeech=NNS Lemma=icon NamedEntityTag=O]
[Text=like CharacterOffsetBegin=671 CharacterOffsetEnd=675 PartOfSpeech=IN Lemma=like NamedEntityTag=O]
[Text=him CharacterOffsetBegin=676 CharacterOffsetEnd=679 PartOfSpeech=PRP Lemma=he NamedEntityTag=O]
[Text=so CharacterOffsetBegin=680 CharacterOffsetEnd=682 PartOfSpeech=RB Lemma=so NamedEntityTag=O]
[Text=much CharacterOffsetBegin=683 CharacterOffsetEnd=687 PartOfSpeech=RB Lemma=much NamedEntityTag=O]
[Text=he CharacterOffsetBegin=688 CharacterOffsetEnd=690 PartOfSpeech=PRP Lemma=he NamedEntityTag=O]
[Text=hell CharacterOffsetBegin=691 CharacterOffsetEnd=695 PartOfSpeech=NNP Lemma=hell NamedEntityTag=O]
[Text=man CharacterOffsetBegin=696 CharacterOffsetEnd=699 PartOfSpeech=NN Lemma=man NamedEntityTag=O]
[Text=lies CharacterOffsetBegin=700 CharacterOffsetEnd=704 PartOfSpeech=VBZ Lemma=lie NamedEntityTag=O]
[Text=not CharacterOffsetBegin=705 CharacterOffsetEnd=708 PartOfSpeech=RB Lemma=not NamedEntityTag=O]
[Text=the CharacterOffsetBegin=709 CharacterOffsetEnd=712 PartOfSpeech=DT Lemma=the NamedEntityTag=O]
[Text=man CharacterOffsetBegin=713 CharacterOffsetEnd=716 PartOfSpeech=NN Lemma=man NamedEntityTag=O]
[Text=of CharacterOffsetBegin=717 CharacterOffsetEnd=719 PartOfSpeech=IN Lemma=of NamedEntityTag=O]
[Text=the CharacterOffsetBegin=720 CharacterOffsetEnd=723 PartOfSpeech=DT Lemma=the NamedEntityTag=O]
[Text=ixmiiocracr CharacterOffsetBegin=724 CharacterOffsetEnd=735 PartOfSpeech=NN Lemma=ixmiiocracr NamedEntityTag=O]
[Text=ever CharacterOffsetBegin=736 CharacterOffsetEnd=740 PartOfSpeech=RB Lemma=ever NamedEntityTag=O]
[Text=democrat CharacterOffsetBegin=741 CharacterOffsetEnd=749 PartOfSpeech=NNP Lemma=democrat NamedEntityTag=O]
[Text=elected CharacterOffsetBegin=750 CharacterOffsetEnd=757 PartOfSpeech=VBD Lemma=elect NamedEntityTag=O]
[Text=lu CharacterOffsetBegin=758 CharacterOffsetEnd=760 PartOfSpeech=NN Lemma=lu NamedEntityTag=O]
[Text=ofllcc CharacterOffsetBegin=761 CharacterOffsetEnd=767 PartOfSpeech=NN Lemma=ofllcc NamedEntityTag=O]
[Text=should CharacterOffsetBegin=768 CharacterOffsetEnd=774 PartOfSpeech=MD Lemma=should NamedEntityTag=O]
[Text=go CharacterOffsetBegin=775 CharacterOffsetEnd=777 PartOfSpeech=VB Lemma=go NamedEntityTag=O]
[Text=nn CharacterOffsetBegin=778 CharacterOffsetEnd=780 PartOfSpeech=IN Lemma=nn NamedEntityTag=O]
[Text=as CharacterOffsetBegin=781 CharacterOffsetEnd=783 PartOfSpeech=IN Lemma=as NamedEntityTag=O]
[Text=cleveland CharacterOffsetBegin=784 CharacterOffsetEnd=793 PartOfSpeech=NN Lemma=cleveland NamedEntityTag=O]
[Text=hasdone CharacterOffsetBegin=794 CharacterOffsetEnd=801 PartOfSpeech=NN Lemma=hasdone NamedEntityTag=O]
[Text=the CharacterOffsetBegin=802 CharacterOffsetEnd=805 PartOfSpeech=DT Lemma=the NamedEntityTag=O]
[Text=demo CharacterOffsetBegin=806 CharacterOffsetEnd=810 PartOfSpeech=NN Lemma=demo NamedEntityTag=O]
[Text=critic CharacterOffsetBegin=811 CharacterOffsetEnd=817 PartOfSpeech=NN Lemma=critic NamedEntityTag=TITLE]
[Text=party CharacterOffsetBegin=818 CharacterOffsetEnd=823 PartOfSpeech=NN Lemma=party NamedEntityTag=O]
[Text=011 CharacterOffsetBegin=824 CharacterOffsetEnd=827 PartOfSpeech=CD Lemma=011 NamedEntityTag=NUMBER NormalizedNamedEntityTag=11.0]
[Text=speedily CharacterOffsetBegin=828 CharacterOffsetEnd=836 PartOfSpeech=RB Lemma=speedily NamedEntityTag=O]
[Text=ill CharacterOffsetBegin=837 CharacterOffsetEnd=840 PartOfSpeech=RB Lemma=ill NamedEntityTag=O]
[Text=out CharacterOffsetBegin=841 CharacterOffsetEnd=844 PartOfSpeech=IN Lemma=out NamedEntityTag=O]
[Text=mr CharacterOffsetBegin=845 CharacterOffsetEnd=847 PartOfSpeech=NN Lemma=mr NamedEntityTag=O]
[Text=cleveland CharacterOffsetBegin=848 CharacterOffsetEnd=857 PartOfSpeech=NN Lemma=cleveland NamedEntityTag=O]
[Text=attempt CharacterOffsetBegin=858 CharacterOffsetEnd=865 PartOfSpeech=NN Lemma=attempt NamedEntityTag=O]
[Text=may CharacterOffsetBegin=866 CharacterOffsetEnd=869 PartOfSpeech=MD Lemma=may NamedEntityTag=O]
[Text=succeed CharacterOffsetBegin=870 CharacterOffsetEnd=877 PartOfSpeech=VB Lemma=succeed NamedEntityTag=O]
[Text=the CharacterOffsetBegin=878 CharacterOffsetEnd=881 PartOfSpeech=DT Lemma=the NamedEntityTag=O]
[Text=world CharacterOffsetBegin=882 CharacterOffsetEnd=887 PartOfSpeech=NN Lemma=world NamedEntityTag=O]
[Text=loves CharacterOffsetBegin=888 CharacterOffsetEnd=893 PartOfSpeech=VBZ Lemma=love NamedEntityTag=O]
[Text=to CharacterOffsetBegin=894 CharacterOffsetEnd=896 PartOfSpeech=TO Lemma=to NamedEntityTag=O]
[Text=be CharacterOffsetBegin=897 CharacterOffsetEnd=899 PartOfSpeech=VB Lemma=be NamedEntityTag=O]
[Text=deluded CharacterOffsetBegin=900 CharacterOffsetEnd=907 PartOfSpeech=VBN Lemma=delude NamedEntityTag=O]
[Text=but CharacterOffsetBegin=908 CharacterOffsetEnd=911 PartOfSpeech=CC Lemma=but NamedEntityTag=O]
[Text=the CharacterOffsetBegin=912 CharacterOffsetEnd=915 PartOfSpeech=DT Lemma=the NamedEntityTag=O]
[Text=democratic CharacterOffsetBegin=916 CharacterOffsetEnd=926 PartOfSpeech=JJ Lemma=democratic NamedEntityTag=IDEOLOGY]
[Text=cause CharacterOffsetBegin=927 CharacterOffsetEnd=932 PartOfSpeech=NN Lemma=cause NamedEntityTag=O]
[Text=can CharacterOffsetBegin=933 CharacterOffsetEnd=936 PartOfSpeech=MD Lemma=can NamedEntityTag=O]
[Text=not CharacterOffsetBegin=937 CharacterOffsetEnd=940 PartOfSpeech=RB Lemma=not NamedEntityTag=O]
[Text=gain CharacterOffsetBegin=941 CharacterOffsetEnd=945 PartOfSpeech=VB Lemma=gain NamedEntityTag=O]
[Text=much CharacterOffsetBegin=946 CharacterOffsetEnd=950 PartOfSpeech=JJ Lemma=much NamedEntityTag=O]
[Text=by CharacterOffsetBegin=951 CharacterOffsetEnd=953 PartOfSpeech=IN Lemma=by NamedEntityTag=O]
[Text=going CharacterOffsetBegin=954 CharacterOffsetEnd=959 PartOfSpeech=VBG Lemma=go NamedEntityTag=O]
[Text=through CharacterOffsetBegin=960 CharacterOffsetEnd=967 PartOfSpeech=IN Lemma=through NamedEntityTag=O]
[Text=the CharacterOffsetBegin=968 CharacterOffsetEnd=971 PartOfSpeech=DT Lemma=the NamedEntityTag=O]
[Text=process CharacterOffsetBegin=972 CharacterOffsetEnd=979 PartOfSpeech=NN Lemma=process NamedEntityTag=O]
[Text=that CharacterOffsetBegin=980 CharacterOffsetEnd=984 PartOfSpeech=WDT Lemma=that NamedEntityTag=O]
[Text=was CharacterOffsetBegin=985 CharacterOffsetEnd=988 PartOfSpeech=VBD Lemma=be NamedEntityTag=O]
[Text=tun CharacterOffsetBegin=989 CharacterOffsetEnd=992 PartOfSpeech=NN Lemma=tun NamedEntityTag=O]
[Text=finds CharacterOffsetBegin=993 CharacterOffsetEnd=998 PartOfSpeech=VBZ Lemma=find NamedEntityTag=O]
[Text=tight CharacterOffsetBegin=999 CharacterOffsetEnd=1004 PartOfSpeech=JJ Lemma=tight NamedEntityTag=O]
[Text=ten CharacterOffsetBegin=1005 CharacterOffsetEnd=1008 PartOfSpeech=CD Lemma=ten NamedEntityTag=NUMBER NormalizedNamedEntityTag=10.0]
[Text=rear CharacterOffsetBegin=1009 CharacterOffsetEnd=1013 PartOfSpeech=NN Lemma=rear NamedEntityTag=O]
[Text=ago CharacterOffsetBegin=1014 CharacterOffsetEnd=1017 PartOfSpeech=RB Lemma=ago NamedEntityTag=O]
[Text=on CharacterOffsetBegin=1018 CharacterOffsetEnd=1020 PartOfSpeech=IN Lemma=on NamedEntityTag=O]
[Text=last CharacterOffsetBegin=1021 CharacterOffsetEnd=1025 PartOfSpeech=JJ Lemma=last NamedEntityTag=O]
[Text=ingr CharacterOffsetBegin=1026 CharacterOffsetEnd=1030 PartOfSpeech=NN Lemma=ingr NamedEntityTag=O]
[Text=4 CharacterOffsetBegin=1031 CharacterOffsetEnd=1032 PartOfSpeech=CD Lemma=4 NamedEntityTag=NUMBER NormalizedNamedEntityTag=4.0]
[Text=never CharacterOffsetBegin=1033 CharacterOffsetEnd=1038 PartOfSpeech=RB Lemma=never NamedEntityTag=O]
[Text=there CharacterOffsetBegin=1039 CharacterOffsetEnd=1044 PartOfSpeech=RB Lemma=there NamedEntityTag=O]
[Text=clearer CharacterOffsetBegin=1045 CharacterOffsetEnd=1052 PartOfSpeech=JJR Lemma=clearer NamedEntityTag=O]
[Text=and CharacterOffsetBegin=1053 CharacterOffsetEnd=1056 PartOfSpeech=CC Lemma=and NamedEntityTag=O]
[Text=more CharacterOffsetBegin=1057 CharacterOffsetEnd=1061 PartOfSpeech=JJR Lemma=more NamedEntityTag=O]
[Text=lucid CharacterOffsetBegin=1062 CharacterOffsetEnd=1067 PartOfSpeech=JJ Lemma=lucid NamedEntityTag=O]
[Text=prophecy CharacterOffsetBegin=1068 CharacterOffsetEnd=1076 PartOfSpeech=NN Lemma=prophecy NamedEntityTag=O]
[Text=never CharacterOffsetBegin=1077 CharacterOffsetEnd=1082 PartOfSpeech=RB Lemma=never NamedEntityTag=O]
[Text=was CharacterOffsetBegin=1083 CharacterOffsetEnd=1086 PartOfSpeech=VBD Lemma=be NamedEntityTag=O]
[Text=foresight CharacterOffsetBegin=1087 CharacterOffsetEnd=1096 PartOfSpeech=NN Lemma=foresight NamedEntityTag=O]
[Text=of CharacterOffsetBegin=1097 CharacterOffsetEnd=1099 PartOfSpeech=IN Lemma=of NamedEntityTag=O]
[Text=conlin CharacterOffsetBegin=1100 CharacterOffsetEnd=1106 PartOfSpeech=NN Lemma=conlin NamedEntityTag=O]
[Text=events CharacterOffsetBegin=1107 CharacterOffsetEnd=1113 PartOfSpeech=NNS Lemma=event NamedEntityTag=O]
[Text=more CharacterOffsetBegin=1114 CharacterOffsetEnd=1118 PartOfSpeech=RBR Lemma=more NamedEntityTag=O]
[Text=keenly CharacterOffsetBegin=1119 CharacterOffsetEnd=1125 PartOfSpeech=RB Lemma=keenly NamedEntityTag=O]
[Text=cvcnlr CharacterOffsetBegin=1126 CharacterOffsetEnd=1132 PartOfSpeech=JJ Lemma=cvcnlr NamedEntityTag=O]
[Text=and CharacterOffsetBegin=1133 CharacterOffsetEnd=1136 PartOfSpeech=CC Lemma=and NamedEntityTag=O]
[Text=more CharacterOffsetBegin=1137 CharacterOffsetEnd=1141 PartOfSpeech=RBR Lemma=more NamedEntityTag=O]
[Text=correctly CharacterOffsetBegin=1142 CharacterOffsetEnd=1151 PartOfSpeech=RB Lemma=correctly NamedEntityTag=O]
[Text=illustrated CharacterOffsetBegin=1152 CharacterOffsetEnd=1163 PartOfSpeech=VBN Lemma=illustrate NamedEntityTag=O]
[Text=never CharacterOffsetBegin=1164 CharacterOffsetEnd=1169 PartOfSpeech=RB Lemma=never NamedEntityTag=O]
[Text=lu CharacterOffsetBegin=1170 CharacterOffsetEnd=1172 PartOfSpeech=NN Lemma=lu NamedEntityTag=O]
[Text=nail CharacterOffsetBegin=1173 CharacterOffsetEnd=1177 PartOfSpeech=NN Lemma=nail NamedEntityTag=O]
[Text=of CharacterOffsetBegin=1178 CharacterOffsetEnd=1180 PartOfSpeech=IN Lemma=of NamedEntityTag=O]
[Text=our CharacterOffsetBegin=1181 CharacterOffsetEnd=1184 PartOfSpeech=PRP$ Lemma=we NamedEntityTag=O]
[Text=read CharacterOffsetBegin=1185 CharacterOffsetEnd=1189 PartOfSpeech=NN Lemma=read NamedEntityTag=O]
[Text=ing CharacterOffsetBegin=1190 CharacterOffsetEnd=1193 PartOfSpeech=VBG Lemma=ing NamedEntityTag=O]
[Text=has CharacterOffsetBegin=1194 CharacterOffsetEnd=1197 PartOfSpeech=VBZ Lemma=have NamedEntityTag=O]
[Text=forecast CharacterOffsetBegin=1198 CharacterOffsetEnd=1206 PartOfSpeech=VBN Lemma=forecast NamedEntityTag=O]
[Text=of CharacterOffsetBegin=1207 CharacterOffsetEnd=1209 PartOfSpeech=IN Lemma=of NamedEntityTag=O]
[Text=political CharacterOffsetBegin=1210 CharacterOffsetEnd=1219 PartOfSpeech=JJ Lemma=political NamedEntityTag=O]
[Text=events CharacterOffsetBegin=1220 CharacterOffsetEnd=1226 PartOfSpeech=NNS Lemma=event NamedEntityTag=O]
[Text=been CharacterOffsetBegin=1227 CharacterOffsetEnd=1231 PartOfSpeech=VBN Lemma=be NamedEntityTag=O]
[Text=so CharacterOffsetBegin=1232 CharacterOffsetEnd=1234 PartOfSpeech=RB Lemma=so NamedEntityTag=O]
[Text=closely CharacterOffsetBegin=1235 CharacterOffsetEnd=1242 PartOfSpeech=RB Lemma=closely NamedEntityTag=O]
[Text=and CharacterOffsetBegin=1243 CharacterOffsetEnd=1246 PartOfSpeech=CC Lemma=and NamedEntityTag=O]
[Text=accurately CharacterOffsetBegin=1247 CharacterOffsetEnd=1257 PartOfSpeech=RB Lemma=accurately NamedEntityTag=O]
[Text=estimated CharacterOffsetBegin=1258 CharacterOffsetEnd=1267 PartOfSpeech=VBD Lemma=estimate NamedEntityTag=O]
[Text=our CharacterOffsetBegin=1268 CharacterOffsetEnd=1271 PartOfSpeech=PRP$ Lemma=we NamedEntityTag=O]
[Text=sons CharacterOffsetBegin=1272 CharacterOffsetEnd=1276 PartOfSpeech=NNS Lemma=son NamedEntityTag=O]
[Text=opinion CharacterOffsetBegin=1277 CharacterOffsetEnd=1284 PartOfSpeech=NN Lemma=opinion NamedEntityTag=O]
[Text=then CharacterOffsetBegin=1285 CharacterOffsetEnd=1289 PartOfSpeech=RB Lemma=then NamedEntityTag=O]
[Text=was CharacterOffsetBegin=1290 CharacterOffsetEnd=1293 PartOfSpeech=VBD Lemma=be NamedEntityTag=O]
[Text=our CharacterOffsetBegin=1294 CharacterOffsetEnd=1297 PartOfSpeech=PRP$ Lemma=we NamedEntityTag=O]
[Text=opinion CharacterOffsetBegin=1298 CharacterOffsetEnd=1305 PartOfSpeech=NN Lemma=opinion NamedEntityTag=O]
[Text=we CharacterOffsetBegin=1306 CharacterOffsetEnd=1308 PartOfSpeech=PRP Lemma=we NamedEntityTag=O]
[Text=had CharacterOffsetBegin=1309 CharacterOffsetEnd=1312 PartOfSpeech=VBD Lemma=have NamedEntityTag=O]
[Text=been CharacterOffsetBegin=1313 CharacterOffsetEnd=1317 PartOfSpeech=VBN Lemma=be NamedEntityTag=O]
[Text=to CharacterOffsetBegin=1318 CharacterOffsetEnd=1320 PartOfSpeech=IN Lemma=to NamedEntityTag=O]
[Text=flreystonn CharacterOffsetBegin=1321 CharacterOffsetEnd=1331 PartOfSpeech=JJ Lemma=flreystonn NamedEntityTag=O]
[Text=month CharacterOffsetBegin=1332 CharacterOffsetEnd=1337 PartOfSpeech=NN Lemma=month NamedEntityTag=DURATION NormalizedNamedEntityTag=P1M Timex=<TIMEX3 tid="t2" type="DURATION" value="P1M">month</TIMEX3>]
[Text=before CharacterOffsetBegin=1338 CharacterOffsetEnd=1344 PartOfSpeech=IN Lemma=before NamedEntityTag=O]
[Text=the CharacterOffsetBegin=1345 CharacterOffsetEnd=1348 PartOfSpeech=DT Lemma=the NamedEntityTag=O]
[Text=article CharacterOffsetBegin=1349 CharacterOffsetEnd=1356 PartOfSpeech=NN Lemma=article NamedEntityTag=O]
[Text=was CharacterOffsetBegin=1357 CharacterOffsetEnd=1360 PartOfSpeech=VBD Lemma=be NamedEntityTag=O]
[Text=published CharacterOffsetBegin=1361 CharacterOffsetEnd=1370 PartOfSpeech=VBN Lemma=publish NamedEntityTag=O]
[Text=in CharacterOffsetBegin=1371 CharacterOffsetEnd=1373 PartOfSpeech=IN Lemma=in NamedEntityTag=O]
[Text=tin CharacterOffsetBegin=1374 CharacterOffsetEnd=1377 PartOfSpeech=NN Lemma=tin NamedEntityTag=O]
[Text=sun CharacterOffsetBegin=1378 CharacterOffsetEnd=1381 PartOfSpeech=NN Lemma=sun NamedEntityTag=O]
[Text=wo CharacterOffsetBegin=1382 CharacterOffsetEnd=1384 PartOfSpeech=MD Lemma=will NamedEntityTag=O]
[Text=had CharacterOffsetBegin=1385 CharacterOffsetEnd=1388 PartOfSpeech=VBD Lemma=have NamedEntityTag=O]
[Text=talked CharacterOffsetBegin=1389 CharacterOffsetEnd=1395 PartOfSpeech=VBN Lemma=talk NamedEntityTag=O]
[Text=with CharacterOffsetBegin=1396 CharacterOffsetEnd=1400 PartOfSpeech=IN Lemma=with NamedEntityTag=O]
[Text=samuel CharacterOffsetBegin=1401 CharacterOffsetEnd=1407 PartOfSpeech=NN Lemma=samuel NamedEntityTag=O]
[Text=jones CharacterOffsetBegin=1408 CharacterOffsetEnd=1413 PartOfSpeech=NNS Lemma=jone NamedEntityTag=O]
[Text=tilden CharacterOffsetBegin=1414 CharacterOffsetEnd=1420 PartOfSpeech=VBP Lemma=tilden NamedEntityTag=O]
[Text=the CharacterOffsetBegin=1421 CharacterOffsetEnd=1424 PartOfSpeech=DT Lemma=the NamedEntityTag=O]
[Text=age CharacterOffsetBegin=1425 CharacterOffsetEnd=1428 PartOfSpeech=NN Lemma=age NamedEntityTag=O]
[Text=and CharacterOffsetBegin=1429 CharacterOffsetEnd=1432 PartOfSpeech=CC Lemma=and NamedEntityTag=O]
[Text=once CharacterOffsetBegin=1433 CharacterOffsetEnd=1437 PartOfSpeech=RB Lemma=once NamedEntityTag=DATE NormalizedNamedEntityTag=PAST_REF Timex=<TIMEX3 tid="t3" type="DATE" value="PAST_REF">once</TIMEX3>]
[Text=hi CharacterOffsetBegin=1438 CharacterOffsetEnd=1440 PartOfSpeech=JJ Lemma=hi NamedEntityTag=O]
[Text=savior CharacterOffsetBegin=1441 CharacterOffsetEnd=1447 PartOfSpeech=NN Lemma=savior NamedEntityTag=O]
[Text=democracy CharacterOffsetBegin=1448 CharacterOffsetEnd=1457 PartOfSpeech=NN Lemma=democracy NamedEntityTag=IDEOLOGY]
[Text=wo CharacterOffsetBegin=1458 CharacterOffsetEnd=1460 PartOfSpeech=MD Lemma=will NamedEntityTag=O]
[Text=hod CharacterOffsetBegin=1461 CharacterOffsetEnd=1464 PartOfSpeech=VB Lemma=hod NamedEntityTag=O]
[Text=listened CharacterOffsetBegin=1465 CharacterOffsetEnd=1473 PartOfSpeech=VBN Lemma=listen NamedEntityTag=O]
[Text=to CharacterOffsetBegin=1474 CharacterOffsetEnd=1476 PartOfSpeech=IN Lemma=to NamedEntityTag=O]
[Text=owl CharacterOffsetBegin=1477 CharacterOffsetEnd=1480 PartOfSpeech=NN Lemma=owl NamedEntityTag=O]
[Text=of CharacterOffsetBegin=1481 CharacterOffsetEnd=1483 PartOfSpeech=IN Lemma=of NamedEntityTag=O]
[Text=uu CharacterOffsetBegin=1484 CharacterOffsetEnd=1486 PartOfSpeech=NNP Lemma=uu NamedEntityTag=O]
[Text=then CharacterOffsetBegin=1487 CharacterOffsetEnd=1491 PartOfSpeech=RB Lemma=then NamedEntityTag=O]
[Text=what CharacterOffsetBegin=1492 CharacterOffsetEnd=1496 PartOfSpeech=WP Lemma=what NamedEntityTag=O]
[Text=tub CharacterOffsetBegin=1497 CharacterOffsetEnd=1500 PartOfSpeech=NN Lemma=tub NamedEntityTag=O]
[Text=simuild CharacterOffsetBegin=1501 CharacterOffsetEnd=1508 PartOfSpeech=NN Lemma=simuild NamedEntityTag=O]
[Text=we CharacterOffsetBegin=1509 CharacterOffsetEnd=1511 PartOfSpeech=PRP Lemma=we NamedEntityTag=O]
[Text=wore CharacterOffsetBegin=1512 CharacterOffsetEnd=1516 PartOfSpeech=VBD Lemma=wear NamedEntityTag=O]
[Text=astonished CharacterOffsetBegin=1517 CharacterOffsetEnd=1527 PartOfSpeech=JJ Lemma=astonished NamedEntityTag=O]
[Text=as CharacterOffsetBegin=1528 CharacterOffsetEnd=1530 PartOfSpeech=IN Lemma=as NamedEntityTag=O]
[Text=no CharacterOffsetBegin=1531 CharacterOffsetEnd=1533 PartOfSpeech=DT Lemma=no NamedEntityTag=O]
[Text=listened CharacterOffsetBegin=1534 CharacterOffsetEnd=1542 PartOfSpeech=VBN Lemma=listen NamedEntityTag=O]
[Text=to CharacterOffsetBegin=1543 CharacterOffsetEnd=1545 PartOfSpeech=IN Lemma=to NamedEntityTag=O]
[Text=the CharacterOffsetBegin=1546 CharacterOffsetEnd=1549 PartOfSpeech=DT Lemma=the NamedEntityTag=O]
[Text=great CharacterOffsetBegin=1550 CharacterOffsetEnd=1555 PartOfSpeech=JJ Lemma=great NamedEntityTag=O]
[Text=old CharacterOffsetBegin=1556 CharacterOffsetEnd=1559 PartOfSpeech=JJ Lemma=old NamedEntityTag=O]
[Text=democrat CharacterOffsetBegin=1560 CharacterOffsetEnd=1568 PartOfSpeech=NNP Lemma=democrat NamedEntityTag=O]
[Text=but CharacterOffsetBegin=1569 CharacterOffsetEnd=1572 PartOfSpeech=CC Lemma=but NamedEntityTag=O]
[Text=wo CharacterOffsetBegin=1573 CharacterOffsetEnd=1575 PartOfSpeech=MD Lemma=will NamedEntityTag=O]
[Text=believed CharacterOffsetBegin=1576 CharacterOffsetEnd=1584 PartOfSpeech=VBD Lemma=believe NamedEntityTag=O]
[Text=what CharacterOffsetBegin=1585 CharacterOffsetEnd=1589 PartOfSpeech=WP Lemma=what NamedEntityTag=O]
[Text=he CharacterOffsetBegin=1590 CharacterOffsetEnd=1592 PartOfSpeech=PRP Lemma=he NamedEntityTag=O]
[Text=said CharacterOffsetBegin=1593 CharacterOffsetEnd=1597 PartOfSpeech=VBD Lemma=say NamedEntityTag=O]
[Text=then CharacterOffsetBegin=1598 CharacterOffsetEnd=1602 PartOfSpeech=RB Lemma=then NamedEntityTag=O]
[Text=and CharacterOffsetBegin=1603 CharacterOffsetEnd=1606 PartOfSpeech=CC Lemma=and NamedEntityTag=O]
[Text=we CharacterOffsetBegin=1607 CharacterOffsetEnd=1609 PartOfSpeech=PRP Lemma=we NamedEntityTag=O]
[Text=have CharacterOffsetBegin=1610 CharacterOffsetEnd=1614 PartOfSpeech=VBP Lemma=have NamedEntityTag=O]
[Text=since CharacterOffsetBegin=1615 CharacterOffsetEnd=1620 PartOfSpeech=IN Lemma=since NamedEntityTag=O]
[Text=realized CharacterOffsetBegin=1621 CharacterOffsetEnd=1629 PartOfSpeech=VBN Lemma=realize NamedEntityTag=O]
[Text=the CharacterOffsetBegin=1630 CharacterOffsetEnd=1633 PartOfSpeech=DT Lemma=the NamedEntityTag=O]
[Text=youthfulness CharacterOffsetBegin=1634 CharacterOffsetEnd=1646 PartOfSpeech=NN Lemma=youthfulness NamedEntityTag=O]
[Text=of CharacterOffsetBegin=1647 CharacterOffsetEnd=1649 PartOfSpeech=IN Lemma=of NamedEntityTag=O]
[Text=his CharacterOffsetBegin=1650 CharacterOffsetEnd=1653 PartOfSpeech=PRP$ Lemma=he NamedEntityTag=O]
[Text=statements CharacterOffsetBegin=1654 CharacterOffsetEnd=1664 PartOfSpeech=NNS Lemma=statement NamedEntityTag=O]
[Text=re CharacterOffsetBegin=1665 CharacterOffsetEnd=1667 PartOfSpeech=IN Lemma=re NamedEntityTag=O]
[Text=guarding CharacterOffsetBegin=1668 CharacterOffsetEnd=1676 PartOfSpeech=VBG Lemma=guard NamedEntityTag=O]
[Text=mr CharacterOffsetBegin=1677 CharacterOffsetEnd=1679 PartOfSpeech=NN Lemma=mr NamedEntityTag=O]
[Text=cac CharacterOffsetBegin=1680 CharacterOffsetEnd=1683 PartOfSpeech=NNP Lemma=cac NamedEntityTag=O]
[Text=land CharacterOffsetBegin=1684 CharacterOffsetEnd=1688 PartOfSpeech=NN Lemma=land NamedEntityTag=O]
[Text=wo CharacterOffsetBegin=1689 CharacterOffsetEnd=1691 PartOfSpeech=MD Lemma=will NamedEntityTag=O]
[Text=returned CharacterOffsetBegin=1692 CharacterOffsetEnd=1700 PartOfSpeech=VBD Lemma=return NamedEntityTag=O]
[Text=to CharacterOffsetBegin=1701 CharacterOffsetEnd=1703 PartOfSpeech=IN Lemma=to NamedEntityTag=O]
[Text=our CharacterOffsetBegin=1704 CharacterOffsetEnd=1707 PartOfSpeech=PRP$ Lemma=we NamedEntityTag=O]
[Text=less CharacterOffsetBegin=1708 CharacterOffsetEnd=1712 PartOfSpeech=JJR Lemma=less NamedEntityTag=O]
[Text=we CharacterOffsetBegin=1713 CharacterOffsetEnd=1715 PartOfSpeech=PRP Lemma=we NamedEntityTag=O]
[Text=stated CharacterOffsetBegin=1716 CharacterOffsetEnd=1722 PartOfSpeech=VBD Lemma=state NamedEntityTag=O]
[Text=in CharacterOffsetBegin=1723 CharacterOffsetEnd=1725 PartOfSpeech=IN Lemma=in NamedEntityTag=O]
[Text=print CharacterOffsetBegin=1726 CharacterOffsetEnd=1731 PartOfSpeech=NN Lemma=print NamedEntityTag=O]
[Text=what CharacterOffsetBegin=1732 CharacterOffsetEnd=1736 PartOfSpeech=WP Lemma=what NamedEntityTag=O]
[Text=we CharacterOffsetBegin=1737 CharacterOffsetEnd=1739 PartOfSpeech=PRP Lemma=we NamedEntityTag=O]
[Text=and CharacterOffsetBegin=1740 CharacterOffsetEnd=1743 PartOfSpeech=CC Lemma=and NamedEntityTag=O]
[Text=ben CharacterOffsetBegin=1744 CharacterOffsetEnd=1747 PartOfSpeech=IN Lemma=ben NamedEntityTag=O]
[Text=old CharacterOffsetBegin=1748 CharacterOffsetEnd=1751 PartOfSpeech=JJ Lemma=old NamedEntityTag=O]
[Text=by CharacterOffsetBegin=1752 CharacterOffsetEnd=1754 PartOfSpeech=IN Lemma=by NamedEntityTag=O]
[Text=the CharacterOffsetBegin=1755 CharacterOffsetEnd=1758 PartOfSpeech=DT Lemma=the NamedEntityTag=O]
[Text=ago CharacterOffsetBegin=1759 CharacterOffsetEnd=1762 PartOfSpeech=IN Lemma=ago NamedEntityTag=O]
[Text=of CharacterOffsetBegin=1763 CharacterOffsetEnd=1765 PartOfSpeech=IN Lemma=of NamedEntityTag=O]
[Text=gramercy CharacterOffsetBegin=1766 CharacterOffsetEnd=1774 PartOfSpeech=NN Lemma=gramercy NamedEntityTag=O]
[Text=ink CharacterOffsetBegin=1775 CharacterOffsetEnd=1778 PartOfSpeech=NN Lemma=ink NamedEntityTag=O]
[Text=but CharacterOffsetBegin=1779 CharacterOffsetEnd=1782 PartOfSpeech=CC Lemma=but NamedEntityTag=O]
[Text=no CharacterOffsetBegin=1783 CharacterOffsetEnd=1785 PartOfSpeech=DT Lemma=no NamedEntityTag=O]
[Text=one CharacterOffsetBegin=1786 CharacterOffsetEnd=1789 PartOfSpeech=NN Lemma=one NamedEntityTag=NUMBER NormalizedNamedEntityTag=1.0]
[Text=icllevrd CharacterOffsetBegin=1790 CharacterOffsetEnd=1798 PartOfSpeech=VB Lemma=icllevrd NamedEntityTag=O]
[Text=us CharacterOffsetBegin=1799 CharacterOffsetEnd=1801 PartOfSpeech=PRP Lemma=we NamedEntityTag=O]
[Text=nod CharacterOffsetBegin=1802 CharacterOffsetEnd=1805 PartOfSpeech=NN Lemma=nod NamedEntityTag=O]
[Text=elmo CharacterOffsetBegin=1806 CharacterOffsetEnd=1810 PartOfSpeech=NN Lemma=elmo NamedEntityTag=O]
[Text=alone CharacterOffsetBegin=1811 CharacterOffsetEnd=1816 PartOfSpeech=RB Lemma=alone NamedEntityTag=O]
[Text=has CharacterOffsetBegin=1817 CharacterOffsetEnd=1820 PartOfSpeech=VBZ Lemma=have NamedEntityTag=O]
[Text=prove CharacterOffsetBegin=1821 CharacterOffsetEnd=1826 PartOfSpeech=VB Lemma=prove NamedEntityTag=O]
[Text=the CharacterOffsetBegin=1827 CharacterOffsetEnd=1830 PartOfSpeech=DT Lemma=the NamedEntityTag=O]
[Text=correctness CharacterOffsetBegin=1831 CharacterOffsetEnd=1842 PartOfSpeech=NN Lemma=correctness NamedEntityTag=O]
[Text=of CharacterOffsetBegin=1843 CharacterOffsetEnd=1845 PartOfSpeech=IN Lemma=of NamedEntityTag=O]
[Text=our CharacterOffsetBegin=1846 CharacterOffsetEnd=1849 PartOfSpeech=PRP$ Lemma=we NamedEntityTag=O]
[Text=asseverations CharacterOffsetBegin=1850 CharacterOffsetEnd=1863 PartOfSpeech=NNS Lemma=asseveration NamedEntityTag=O]
[Text=we CharacterOffsetBegin=1864 CharacterOffsetEnd=1866 PartOfSpeech=PRP Lemma=we NamedEntityTag=O]
[Text=do CharacterOffsetBegin=1867 CharacterOffsetEnd=1869 PartOfSpeech=VBP Lemma=do NamedEntityTag=O]
[Text=not CharacterOffsetBegin=1870 CharacterOffsetEnd=1873 PartOfSpeech=RB Lemma=not NamedEntityTag=O]
[Text=tel CharacterOffsetBegin=1874 CharacterOffsetEnd=1877 PartOfSpeech=NN Lemma=tel NamedEntityTag=O]
[Text=avenged CharacterOffsetBegin=1878 CharacterOffsetEnd=1885 PartOfSpeech=VBN Lemma=avenge NamedEntityTag=O]
[Text=we CharacterOffsetBegin=1886 CharacterOffsetEnd=1888 PartOfSpeech=PRP Lemma=we NamedEntityTag=O]
[Text=are CharacterOffsetBegin=1889 CharacterOffsetEnd=1892 PartOfSpeech=VBP Lemma=be NamedEntityTag=O]
[Text=distressed CharacterOffsetBegin=1893 CharacterOffsetEnd=1903 PartOfSpeech=JJ Lemma=distressed NamedEntityTag=O]
[Text=to CharacterOffsetBegin=1904 CharacterOffsetEnd=1906 PartOfSpeech=TO Lemma=to NamedEntityTag=O]
[Text=know CharacterOffsetBegin=1907 CharacterOffsetEnd=1911 PartOfSpeech=VB Lemma=know NamedEntityTag=O]
[Text=that CharacterOffsetBegin=1912 CharacterOffsetEnd=1916 PartOfSpeech=IN Lemma=that NamedEntityTag=O]
[Text=the CharacterOffsetBegin=1917 CharacterOffsetEnd=1920 PartOfSpeech=DT Lemma=the NamedEntityTag=O]
[Text=half CharacterOffsetBegin=1921 CharacterOffsetEnd=1925 PartOfSpeech=NN Lemma=half NamedEntityTag=O]
[Text=had CharacterOffsetBegin=1926 CharacterOffsetEnd=1929 PartOfSpeech=VBD Lemma=have NamedEntityTag=O]
[Text=not CharacterOffsetBegin=1930 CharacterOffsetEnd=1933 PartOfSpeech=RB Lemma=not NamedEntityTag=O]
[Text=ben CharacterOffsetBegin=1934 CharacterOffsetEnd=1937 PartOfSpeech=VB Lemma=ben NamedEntityTag=O]
[Text=told CharacterOffsetBegin=1938 CharacterOffsetEnd=1942 PartOfSpeech=VBN Lemma=tell NamedEntityTag=O]
[Text=when CharacterOffsetBegin=1943 CharacterOffsetEnd=1947 PartOfSpeech=WRB Lemma=when NamedEntityTag=O]
[Text=we CharacterOffsetBegin=1948 CharacterOffsetEnd=1950 PartOfSpeech=PRP Lemma=we NamedEntityTag=O]
[Text=said CharacterOffsetBegin=1951 CharacterOffsetEnd=1955 PartOfSpeech=VBD Lemma=say NamedEntityTag=O]
[Text=that CharacterOffsetBegin=1956 CharacterOffsetEnd=1960 PartOfSpeech=IN Lemma=that NamedEntityTag=O]
[Text=cleveland CharacterOffsetBegin=1961 CharacterOffsetEnd=1970 PartOfSpeech=NNP Lemma=cleveland NamedEntityTag=O]
[Text=not CharacterOffsetBegin=1971 CharacterOffsetEnd=1974 PartOfSpeech=RB Lemma=not NamedEntityTag=O]
[Text=democrat CharacterOffsetBegin=1975 CharacterOffsetEnd=1983 PartOfSpeech=NNP Lemma=democrat NamedEntityTag=O]

Dependency Parse (enhanced plus plus dependencies):
root(ROOT-0, ttmmmiat-20)
compound(rev-2, clexlalj-1)
nsubj(ttmmmiat-20, rev-2)
nummod(jv-4, iii-3)
nsubj(trallmnnr-6, jv-4)
mark(trallmnnr-6, ot-5)
acl:ot(rev-2, trallmnnr-6)
case(arknxnn-8, from-7)
obl:from(trallmnnr-6, arknxnn-8)
case(mr-10, to-9)
obl:to(trallmnnr-6, mr-10)
mark(loom-16, til-11)
compound(kxllmol-13, tea-12)
compound(mtuteimiib-15, kxllmol-13)
compound(mtuteimiib-15, otthxt-14)
nsubj(loom-16, mtuteimiib-15)
advcl:til(trallmnnr-6, loom-16)
iobj(loom-16, me-17)
compound(pglaf-19, jon-18)
obj(loom-16, pglaf-19)
det(paragraph-24, the-21)
amod(paragraph-24, following-22)
compound(paragraph-24, pmphrtlo-23)
obj(ttmmmiat-20, paragraph-24)
case(six-28, per-25)
case(six-28, in-26)
det(six-28, the-27)
nmod:per(paragraph-24, six-28)
case(july-30, on-29)
obl:on(ttmmmiat-20, july-30)
nummod(july-30, 484-31)
nsubj(labored-34, he-32)
advmod(labored-34, bad-33)
parataxis(ttmmmiat-20, labored-34)
iobj(labored-34, ugalnit-35)
det(dart-38, the-36)
amod(dart-38, democratic-37)
dep(ugalnit-35, dart-38)
advmod(ii-42, not-39)
case(ii-42, for-40)
compound(ii-42, 11-41)
nmod:for(dart-38, ii-42)
dep(include-50, ii-42)
acl(ii-42, engaged-43)
case(folio-46, in-44)
amod(folio-46, ronal-45)
obl:in(engaged-43, folio-46)
ref(ii-42, which-47)
advmod(include-50, sort-48)
advmod(include-50, not-49)
acl:relcl(ii-42, include-50)
det(bullitlnn-52, the-51)
obj(include-50, bullitlnn-52)
advmod(bullitlnn-52, up-53)
cc(itrengtlieclnffof-55, and-54)
acl:relcl(ii-42, itrengtlieclnffof-55)
conj:and(include-50, itrengtlieclnffof-55)
det(part-58, the-56)
amod(part-58, democratic-57)
obj(itrengtlieclnffof-55, part-58)
cc(butldln-61, but-59)
det(butldln-61, the-60)
obj(itrengtlieclnffof-55, butldln-61)
conj:but(part-58, butldln-61)
dep(butldln-61, up-62)
cc(cleveland-66, and-63)
amod(cleveland-66, itrenffth-64)
compound(cleveland-66, ingo-65)
conj:but(part-58, cleveland-66)
conj:and(butldln-61, cleveland-66)
nsubj(bo-69, he-67)
aux(bo-69, may-68)
parataxis(include-50, bo-69)
amod(bo-69, strong-70)
case(those-72, with-71)
obl:with(strong-70, those-72)
obj(democrat-76, those-72)
ref(those-72, who-73)
nsubj(democrat-76, ara-74)
advmod(democrat-76, not-75)
acl:relcl(those-72, democrat-76)
case(democrats-78, with-77)
obl:with(democrat-76, democrats-78)
nsubj(weak-81, he-79)
cop(weak-81, is-80)
parataxis(bo-69, weak-81)
det(attempt-83, the-82)
dep(weak-81, attempt-83)
mark(nominate-85, to-84)
acl:to(attempt-83, nominate-85)
compound(cleveland-87, mr-86)
obj(nominate-85, cleveland-87)
case(chicago-89, at-88)
obl:at(nominate-85, chicago-89)
amod(chicago-89, low-90)
advcl(nominate-85, toward-91)
dep(toward-91, using-92)
det(democracy-94, the-93)
obj(using-92, democracy-94)
case(benefit-97, for-95)
det(benefit-97, the-96)
obl:for(using-92, benefit-97)
case(man-99, of-98)
nmod:of(benefit-97, man-99)
nsubj(desires-101, man-99)
ref(man-99, who-100)
acl:relcl(man-99, desires-101)
dep(desires-101, to-102)
dep(to-102, bo-103)
amod(bo-103, strong-104)
advmod(party-108, not-105)
case(party-108, through-106)
nmod:poss(party-108, his-107)
obl:through(strong-104, party-108)
cc(reason-116, but-109)
case(that-113, in-110)
fixed(in-110, spite-111)
fixed(in-110, of-112)
obl:in_spite_of(reason-116, that-113)
cop(reason-116, is-114)
det(reason-116, the-115)
obl:through(strong-104, reason-116)
conj:but(party-108, reason-116)
det(icons-120, these-117)
amod(icons-120, jolting-118)
compound(icons-120, itepuu-119)
nsubj(go-141, icons-120)
case(him-122, like-121)
nmod:like(icons-120, him-122)
advmod(much-124, so-123)
advmod(go-141, much-124)
nsubj(go-141, he-125)
compound(man-127, hell-126)
nsubj(lies-128, man-127)
parataxis(go-141, lies-128)
advmod(man-131, not-129)
det(man-131, the-130)
nsubj(go-141, man-131)
case(ixmiiocracr-134, of-132)
det(ixmiiocracr-134, the-133)
nmod:of(man-131, ixmiiocracr-134)
advmod(democrat-136, ever-135)
compound(ofllcc-139, democrat-136)
amod(ofllcc-139, elected-137)
compound(ofllcc-139, lu-138)
dep(man-131, ofllcc-139)
aux(go-141, should-140)
ccomp(reason-116, go-141)
mark(succeed-158, nn-142)
case(hasdone-145, as-143)
compound(hasdone-145, cleveland-144)
obl:as(succeed-158, hasdone-145)
det(party-149, the-146)
compound(critic-148, demo-147)
compound(party-149, critic-148)
nsubj(succeed-158, party-149)
nummod(party-149, 011-150)
advmod(ill-152, speedily-151)
advmod(attempt-156, ill-152)
case(attempt-156, out-153)
compound(cleveland-155, mr-154)
compound(attempt-156, cleveland-155)
nmod:out(party-149, attempt-156)
aux(succeed-158, may-157)
advcl:nn(go-141, succeed-158)
det(world-160, the-159)
obj(succeed-158, world-160)
obj(succeed-158, loves-161)
mark(deluded-164, to-162)
aux:pass(deluded-164, be-163)
advcl:to(succeed-158, deluded-164)
cc(gain-171, but-165)
det(cause-168, the-166)
amod(cause-168, democratic-167)
nsubj(gain-171, cause-168)
aux(gain-171, can-169)
advmod(gain-171, not-170)
advcl:to(succeed-158, gain-171)
conj:but(deluded-164, gain-171)
obj(gain-171, much-172)
case(going-174, by-173)
obl:by(forecast-218, going-174)
case(process-177, through-175)
det(process-177, the-176)
obl:through(tun-180, process-177)
nsubj(tun-180, that-178)
cop(tun-180, was-179)
csubj(forecast-218, tun-180)
dep(tun-180, finds-181)
amod(rear-184, tight-182)
nummod(rear-184, ten-183)
nsubj(clearer-192, rear-184)
advmod(rear-184, ago-185)
case(ingr-188, on-186)
amod(ingr-188, last-187)
nmod:on(rear-184, ingr-188)
nummod(ingr-188, 4-189)
advmod(clearer-192, never-190)
advmod(clearer-192, there-191)
xcomp(finds-181, clearer-192)
cc(foresight-199, and-193)
amod(prophecy-196, more-194)
amod(prophecy-196, lucid-195)
nsubj(foresight-199, prophecy-196)
advmod(foresight-199, never-197)
cop(foresight-199, was-198)
xcomp(finds-181, foresight-199)
conj:and(clearer-192, foresight-199)
case(events-202, of-200)
compound(events-202, conlin-201)
nmod:of(foresight-199, events-202)
advmod(keenly-204, more-203)
advmod(cvcnlr-205, keenly-204)
amod(nail-212, cvcnlr-205)
cc(illustrated-209, and-206)
advmod(correctly-208, more-207)
advmod(illustrated-209, correctly-208)
conj:and(cvcnlr-205, illustrated-209)
amod(nail-212, illustrated-209)
advmod(nail-212, never-210)
compound(nail-212, lu-211)
obj(foresight-199, nail-212)
case(read-215, of-213)
nmod:poss(read-215, our-214)
nmod:of(nail-212, read-215)
acl(nail-212, ing-216)
aux(forecast-218, has-217)
advcl(gain-171, forecast-218)
case(events-221, of-219)
amod(events-221, political-220)
obl:of(forecast-218, events-221)
cop(closely-224, been-222)
advmod(closely-224, so-223)
advmod(estimated-227, closely-224)
cc(accurately-226, and-225)
conj:and(closely-224, accurately-226)
advmod(estimated-227, accurately-226)
acl(events-221, estimated-227)
nmod:poss(opinion-230, our-228)
compound(opinion-230, sons-229)
obj(estimated-227, opinion-230)
advmod(opinion-234, then-231)
cop(opinion-234, was-232)
nmod:poss(opinion-234, our-233)
dep(talked-251, opinion-234)
nsubj(month-240, we-235)
aux(month-240, had-236)
cop(month-240, been-237)
case(month-240, to-238)
amod(month-240, flreystonn-239)
csubj(talked-251, month-240)
mark(published-245, before-241)
det(article-243, the-242)
nsubj:pass(published-245, article-243)
aux:pass(published-245, was-244)
advcl:before(month-240, published-245)
case(sun-248, in-246)
compound(sun-248, tin-247)
obl:in(published-245, sun-248)
aux(talked-251, wo-249)
aux(talked-251, had-250)
ccomp(forecast-218, talked-251)
case(jones-254, with-252)
compound(jones-254, samuel-253)
obl:with(talked-251, jones-254)
acl(jones-254, tilden-255)
det(age-257, the-256)
obj(tilden-255, age-257)
cc(hod-264, and-258)
advmod(hi-260, once-259)
amod(democracy-262, hi-260)
compound(democracy-262, savior-261)
nsubj(hod-264, democracy-262)
aux(hod-264, wo-263)
ccomp(forecast-218, hod-264)
conj:and(talked-251, hod-264)
dep(hod-264, listened-265)
case(owl-267, to-266)
obl:to(listened-265, owl-267)
case(uu-269, of-268)
nmod:of(owl-267, uu-269)
advmod(listened-265, then-270)
det(simuild-273, what-271)
compound(simuild-273, tub-272)
obj(wore-275, simuild-273)
nsubj(wore-275, we-274)
nsubj(believed-287, we-274)
dep(listened-265, wore-275)
obj(wore-275, astonished-276)
case(listened-279, as-277)
det(listened-279, no-278)
obl:as(wore-275, listened-279)
case(democrat-284, to-280)
det(democrat-284, the-281)
amod(democrat-284, great-282)
amod(democrat-284, old-283)
obl:to(listened-279, democrat-284)
cc(believed-287, but-285)
aux(believed-287, wo-286)
dep(listened-265, believed-287)
conj:but(wore-275, believed-287)
obj(said-290, what-288)
nsubj(said-290, he-289)
ccomp(believed-287, said-290)
advmod(said-290, then-291)
cc(realized-296, and-292)
nsubj(realized-296, we-293)
aux(realized-296, have-294)
advmod(realized-296, since-295)
csubj(returned-308, realized-296)
det(youthfulness-298, the-297)
obj(realized-296, youthfulness-298)
case(statements-301, of-299)
nmod:poss(statements-301, his-300)
nmod:of(youthfulness-298, statements-301)
case(land-306, re-302)
amod(land-306, guarding-303)
compound(cac-305, mr-304)
compound(land-306, cac-305)
nmod:re(statements-301, land-306)
aux(returned-308, wo-307)
ccomp(believed-287, returned-308)
case(less-311, to-309)
nmod:poss(less-311, our-310)
obl:to(returned-308, less-311)
nsubj(stated-313, we-312)
parataxis(returned-308, stated-313)
case(print-315, in-314)
obl:in(stated-313, print-315)
dep(prove-336, what-316)
nsubj(prove-336, we-317)
cc(old-320, and-318)
case(old-320, ben-319)
conj:and(we-317, old-320)
nsubj(prove-336, old-320)
case(ago-323, by-321)
det(ago-323, the-322)
obl:by(old-320, ago-323)
case(ink-326, of-324)
compound(ink-326, gramercy-325)
nmod:of(ago-323, ink-326)
cc(icllevrd-330, but-327)
det(one-329, no-328)
nsubj(icllevrd-330, one-329)
conj:but(we-317, icllevrd-330)
nsubj(prove-336, icllevrd-330)
iobj(icllevrd-330, us-331)
compound(elmo-333, nod-332)
obj(icllevrd-330, elmo-333)
advmod(icllevrd-330, alone-334)
aux(prove-336, has-335)
ccomp(stated-313, prove-336)
det(correctness-338, the-337)
obj(prove-336, correctness-338)
case(asseverations-341, of-339)
nmod:poss(asseverations-341, our-340)
nmod:of(correctness-338, asseverations-341)
nsubj(tel-345, we-342)
aux(tel-345, do-343)
advmod(tel-345, not-344)
parataxis(prove-336, tel-345)
aux(distressed-349, avenged-346)
nsubj(distressed-349, we-347)
nsubj:xsubj(know-351, we-347)
cop(distressed-349, are-348)
ccomp(tel-345, distressed-349)
mark(know-351, to-350)
xcomp(distressed-349, know-351)
mark(ben-357, that-352)
det(half-354, the-353)
nsubj(ben-357, half-354)
aux(ben-357, had-355)
advmod(ben-357, not-356)
ccomp(know-351, ben-357)
obj(ben-357, told-358)
advmod(said-361, when-359)
nsubj(said-361, we-360)
advcl(ben-357, said-361)
mark(democrat-365, that-362)
compound(democrat-365, cleveland-363)
advmod(democrat-365, not-364)
ccomp(said-361, democrat-365)

Extracted the following NER entity mentions:
iii	NUMBER	NUMBER:-1.0
six	NUMBER	NUMBER:-1.0
july	DATE	DATE:0.9214728034711857
484	NUMBER	NUMBER:-1.0
democratic	IDEOLOGY	-
11	NUMBER	NUMBER:-1.0
ii	NUMBER	NUMBER:-1.0
democratic	IDEOLOGY	-
democrats	IDEOLOGY	-
democracy	IDEOLOGY	-
critic	TITLE	-
011	NUMBER	NUMBER:-1.0
democratic	IDEOLOGY	-
ten	NUMBER	NUMBER:-1.0
4	NUMBER	NUMBER:-1.0
month	DURATION	DURATION:-1.0
once	DATE	DATE:-1.0
democracy	IDEOLOGY	-
one	NUMBER	NUMBER:-1.0
he	PERSON	-
he	PERSON	-
he	PERSON	-
his	PERSON	-
him	PERSON	-
he	PERSON	-
he	PERSON	-
his	PERSON	-

Extracted the following KBP triples:
0.580886531438223	him	per:title	critic

Coreference set:
	(1,298,[297,307]) -> (1,2,[1,20]), that is: "the youthfulness of his statements re guarding mr cac land" -> "clexlalj rev iii jv ot trallmnnr from arknxnn to mr til tea kxllmol otthxt mtuteimiib loom me jon pglaf"
	(1,301,[300,307]) -> (1,2,[1,20]), that is: "his statements re guarding mr cac land" -> "clexlalj rev iii jv ot trallmnnr from arknxnn to mr til tea kxllmol otthxt mtuteimiib loom me jon pglaf"

Coreference set:
	(1,340,[340,341]) -> (1,168,[166,169]), that is: "our" -> "the democratic cause"

Coreference set:
	(1,99,[99,366]) -> (1,120,[117,123]), that is: "man who desires to bo strong not through his party but in spite of that is the reason these jolting itepuu icons like him so much he hell man lies not the man of the ixmiiocracr ever democrat elected lu ofllcc should go nn as cleveland hasdone the demo critic party 011 speedily ill out mr cleveland attempt may succeed the world loves to be deluded but the democratic cause can not gain much by going through the process that was tun finds tight ten rear ago on last ingr 4 never there clearer and more lucid prophecy never was foresight of conlin events more keenly cvcnlr and more correctly illustrated never lu nail of our read ing has forecast of political events been so closely and accurately estimated our sons opinion then was our opinion we had been to flreystonn month before the article was published in tin sun wo had talked with samuel jones tilden the age and once hi savior democracy wo hod listened to owl of uu then what tub simuild we wore astonished as no listened to the great old democrat but wo believed what he said then and we have since realized the youthfulness of his statements re guarding mr cac land wo returned to our less we stated in print what we and ben old by the ago of gramercy ink but no one icllevrd us nod elmo alone has prove the correctness of our asseverations we do not tel avenged we are distressed to know that the half had not ben told when we said that cleveland not democrat" -> "these jolting itepuu icons like him"
	(1,107,[107,108]) -> (1,120,[117,123]), that is: "his" -> "these jolting itepuu icons like him"
	(1,127,[126,128]) -> (1,120,[117,123]), that is: "hell man" -> "these jolting itepuu icons like him"
	(1,131,[129,135]) -> (1,120,[117,123]), that is: "not the man of the ixmiiocracr" -> "these jolting itepuu icons like him"
	(1,134,[133,135]) -> (1,120,[117,123]), that is: "the ixmiiocracr" -> "these jolting itepuu icons like him"
	(1,310,[310,311]) -> (1,120,[117,123]), that is: "our" -> "these jolting itepuu icons like him"

Coreference set:
	(1,67,[67,68]) -> (1,32,[32,33]), that is: "he" -> "he"
	(1,79,[79,80]) -> (1,32,[32,33]), that is: "he" -> "he"
	(1,122,[122,123]) -> (1,32,[32,33]), that is: "him" -> "he"
	(1,125,[125,126]) -> (1,32,[32,33]), that is: "he" -> "he"
	(1,289,[289,290]) -> (1,32,[32,33]), that is: "he" -> "he"
	(1,300,[300,301]) -> (1,32,[32,33]), that is: "his" -> "he"

Coreference set:
	(1,61,[59,67]) -> (1,365,[363,366]), that is: "but the butldln up and itrenffth ingo cleveland" -> "cleveland not democrat"
	(1,214,[214,215]) -> (1,365,[363,366]), that is: "our" -> "cleveland not democrat"
	(1,228,[228,229]) -> (1,365,[363,366]), that is: "our" -> "cleveland not democrat"
	(1,233,[233,234]) -> (1,365,[363,366]), that is: "our" -> "cleveland not democrat"
	(1,235,[235,236]) -> (1,365,[363,366]), that is: "we" -> "cleveland not democrat"
	(1,274,[274,275]) -> (1,365,[363,366]), that is: "we" -> "cleveland not democrat"
	(1,293,[293,294]) -> (1,365,[363,366]), that is: "we" -> "cleveland not democrat"
	(1,312,[312,313]) -> (1,365,[363,366]), that is: "we" -> "cleveland not democrat"
	(1,317,[317,318]) -> (1,365,[363,366]), that is: "we" -> "cleveland not democrat"
	(1,342,[342,343]) -> (1,365,[363,366]), that is: "we" -> "cleveland not democrat"
	(1,347,[347,348]) -> (1,365,[363,366]), that is: "we" -> "cleveland not democrat"
	(1,360,[360,361]) -> (1,365,[363,366]), that is: "we" -> "cleveland not democrat"

Coreference set:
	(1,113,[113,114]) -> (1,42,[41,43]), that is: "that" -> "11 ii"
