Document: ID=hackett w iturleigh.txt (1 sentences, 52 tokens)

Sentence #1 (52 tokens):
tladcmeat against ii hurltlicb judgment for eyes was obtained here yea today against hackett iturleigh of lion devota in favor of frank smith on note made by mr durlelgh dated aug 1 11 iii fur ivory payable to earth weed which note was endorsed hymn weed who delivered it to mr smith

Tokens:
[Text=tladcmeat CharacterOffsetBegin=0 CharacterOffsetEnd=9 PartOfSpeech=NN Lemma=tladcmeat NamedEntityTag=O]
[Text=against CharacterOffsetBegin=10 CharacterOffsetEnd=17 PartOfSpeech=IN Lemma=against NamedEntityTag=O]
[Text=ii CharacterOffsetBegin=18 CharacterOffsetEnd=20 PartOfSpeech=CD Lemma=ii NamedEntityTag=NUMBER NormalizedNamedEntityTag=0.0]
[Text=hurltlicb CharacterOffsetBegin=21 CharacterOffsetEnd=30 PartOfSpeech=JJ Lemma=hurltlicb NamedEntityTag=O]
[Text=judgment CharacterOffsetBegin=31 CharacterOffsetEnd=39 PartOfSpeech=NN Lemma=judgment NamedEntityTag=O]
[Text=for CharacterOffsetBegin=40 CharacterOffsetEnd=43 PartOfSpeech=IN Lemma=for NamedEntityTag=O]
[Text=eyes CharacterOffsetBegin=44 CharacterOffsetEnd=48 PartOfSpeech=NNS Lemma=eye NamedEntityTag=O]
[Text=was CharacterOffsetBegin=49 CharacterOffsetEnd=52 PartOfSpeech=VBD Lemma=be NamedEntityTag=O]
[Text=obtained CharacterOffsetBegin=53 CharacterOffsetEnd=61 PartOfSpeech=VBN Lemma=obtain NamedEntityTag=O]
[Text=here CharacterOffsetBegin=62 CharacterOffsetEnd=66 PartOfSpeech=RB Lemma=here NamedEntityTag=O]
[Text=yea CharacterOffsetBegin=67 CharacterOffsetEnd=70 PartOfSpeech=UH Lemma=yea NamedEntityTag=O]
[Text=today CharacterOffsetBegin=71 CharacterOffsetEnd=76 PartOfSpeech=NN Lemma=today NamedEntityTag=DATE NormalizedNamedEntityTag=THIS P1D Timex=<TIMEX3 alt_value="THIS P1D" anchorTimeID="t0" temporalFunction="true" tid="t1" type="DATE" valueFromFunction="tf0">today</TIMEX3>]
[Text=against CharacterOffsetBegin=77 CharacterOffsetEnd=84 PartOfSpeech=IN Lemma=against NamedEntityTag=O]
[Text=hackett CharacterOffsetBegin=85 CharacterOffsetEnd=92 PartOfSpeech=NN Lemma=hackett NamedEntityTag=O]
[Text=iturleigh CharacterOffsetBegin=93 CharacterOffsetEnd=102 PartOfSpeech=NN Lemma=iturleigh NamedEntityTag=O]
[Text=of CharacterOffsetBegin=103 CharacterOffsetEnd=105 PartOfSpeech=IN Lemma=of NamedEntityTag=O]
[Text=lion CharacterOffsetBegin=106 CharacterOffsetEnd=110 PartOfSpeech=NN Lemma=lion NamedEntityTag=O]
[Text=devota CharacterOffsetBegin=111 CharacterOffsetEnd=117 PartOfSpeech=NN Lemma=devota NamedEntityTag=O]
[Text=in CharacterOffsetBegin=118 CharacterOffsetEnd=120 PartOfSpeech=IN Lemma=in NamedEntityTag=O]
[Text=favor CharacterOffsetBegin=121 CharacterOffsetEnd=126 PartOfSpeech=NN Lemma=favor NamedEntityTag=O]
[Text=of CharacterOffsetBegin=127 CharacterOffsetEnd=129 PartOfSpeech=IN Lemma=of NamedEntityTag=O]
[Text=frank CharacterOffsetBegin=130 CharacterOffsetEnd=135 PartOfSpeech=JJ Lemma=frank NamedEntityTag=O]
[Text=smith CharacterOffsetBegin=136 CharacterOffsetEnd=141 PartOfSpeech=NN Lemma=smith NamedEntityTag=O]
[Text=on CharacterOffsetBegin=142 CharacterOffsetEnd=144 PartOfSpeech=IN Lemma=on NamedEntityTag=O]
[Text=note CharacterOffsetBegin=145 CharacterOffsetEnd=149 PartOfSpeech=NN Lemma=note NamedEntityTag=O]
[Text=made CharacterOffsetBegin=150 CharacterOffsetEnd=154 PartOfSpeech=VBN Lemma=make NamedEntityTag=O]
[Text=by CharacterOffsetBegin=155 CharacterOffsetEnd=157 PartOfSpeech=IN Lemma=by NamedEntityTag=O]
[Text=mr CharacterOffsetBegin=158 CharacterOffsetEnd=160 PartOfSpeech=NN Lemma=mr NamedEntityTag=O]
[Text=durlelgh CharacterOffsetBegin=161 CharacterOffsetEnd=169 PartOfSpeech=NN Lemma=durlelgh NamedEntityTag=O]
[Text=dated CharacterOffsetBegin=170 CharacterOffsetEnd=175 PartOfSpeech=VBN Lemma=date NamedEntityTag=O]
[Text=aug CharacterOffsetBegin=176 CharacterOffsetEnd=179 PartOfSpeech=IN Lemma=aug NamedEntityTag=DATE NormalizedNamedEntityTag=XXXX-08-01 Timex=<TIMEX3 tid="t2" type="DATE" value="XXXX-08-01">aug 1</TIMEX3>]
[Text=1 CharacterOffsetBegin=180 CharacterOffsetEnd=181 PartOfSpeech=CD Lemma=1 NamedEntityTag=DATE NormalizedNamedEntityTag=XXXX-08-01 Timex=<TIMEX3 tid="t2" type="DATE" value="XXXX-08-01">aug 1</TIMEX3>]
[Text=11 CharacterOffsetBegin=182 CharacterOffsetEnd=184 PartOfSpeech=CD Lemma=11 NamedEntityTag=NUMBER NormalizedNamedEntityTag=11.0]
[Text=iii CharacterOffsetBegin=185 CharacterOffsetEnd=188 PartOfSpeech=CD Lemma=iii NamedEntityTag=NUMBER NormalizedNamedEntityTag=0.0]
[Text=fur CharacterOffsetBegin=189 CharacterOffsetEnd=192 PartOfSpeech=NN Lemma=fur NamedEntityTag=O]
[Text=ivory CharacterOffsetBegin=193 CharacterOffsetEnd=198 PartOfSpeech=NN Lemma=ivory NamedEntityTag=O]
[Text=payable CharacterOffsetBegin=199 CharacterOffsetEnd=206 PartOfSpeech=JJ Lemma=payable NamedEntityTag=O]
[Text=to CharacterOffsetBegin=207 CharacterOffsetEnd=209 PartOfSpeech=IN Lemma=to NamedEntityTag=O]
[Text=earth CharacterOffsetBegin=210 CharacterOffsetEnd=215 PartOfSpeech=NN Lemma=earth NamedEntityTag=O]
[Text=weed CharacterOffsetBegin=216 CharacterOffsetEnd=220 PartOfSpeech=NN Lemma=weed NamedEntityTag=O]
[Text=which CharacterOffsetBegin=221 CharacterOffsetEnd=226 PartOfSpeech=WDT Lemma=which NamedEntityTag=O]
[Text=note CharacterOffsetBegin=227 CharacterOffsetEnd=231 PartOfSpeech=NN Lemma=note NamedEntityTag=O]
[Text=was CharacterOffsetBegin=232 CharacterOffsetEnd=235 PartOfSpeech=VBD Lemma=be NamedEntityTag=O]
[Text=endorsed CharacterOffsetBegin=236 CharacterOffsetEnd=244 PartOfSpeech=VBN Lemma=endorse NamedEntityTag=O]
[Text=hymn CharacterOffsetBegin=245 CharacterOffsetEnd=249 PartOfSpeech=NN Lemma=hymn NamedEntityTag=O]
[Text=weed CharacterOffsetBegin=250 CharacterOffsetEnd=254 PartOfSpeech=NN Lemma=weed NamedEntityTag=O]
[Text=who CharacterOffsetBegin=255 CharacterOffsetEnd=258 PartOfSpeech=WP Lemma=who NamedEntityTag=O]
[Text=delivered CharacterOffsetBegin=259 CharacterOffsetEnd=268 PartOfSpeech=VBD Lemma=deliver NamedEntityTag=O]
[Text=it CharacterOffsetBegin=269 CharacterOffsetEnd=271 PartOfSpeech=PRP Lemma=it NamedEntityTag=O]
[Text=to CharacterOffsetBegin=272 CharacterOffsetEnd=274 PartOfSpeech=IN Lemma=to NamedEntityTag=O]
[Text=mr CharacterOffsetBegin=275 CharacterOffsetEnd=277 PartOfSpeech=NN Lemma=mr NamedEntityTag=O]
[Text=smith CharacterOffsetBegin=278 CharacterOffsetEnd=283 PartOfSpeech=NN Lemma=smith NamedEntityTag=O]

Dependency Parse (enhanced plus plus dependencies):
root(ROOT-0, obtained-9)
nsubj:pass(obtained-9, tladcmeat-1)
case(judgment-5, against-2)
nummod(judgment-5, ii-3)
amod(judgment-5, hurltlicb-4)
nmod:against(tladcmeat-1, judgment-5)
case(eyes-7, for-6)
nmod:for(judgment-5, eyes-7)
aux:pass(obtained-9, was-8)
advmod(obtained-9, here-10)
dep(made-26, yea-11)
obl:tmod(yea-11, today-12)
case(iturleigh-15, against-13)
compound(iturleigh-15, hackett-14)
obl:against(yea-11, iturleigh-15)
case(devota-18, of-16)
compound(devota-18, lion-17)
nmod:of(iturleigh-15, devota-18)
case(favor-20, in-19)
obl:in(made-26, favor-20)
case(smith-23, of-21)
amod(smith-23, frank-22)
nmod:of(favor-20, smith-23)
case(note-25, on-24)
nmod:on(smith-23, note-25)
ccomp(obtained-9, made-26)
case(durlelgh-29, by-27)
compound(durlelgh-29, mr-28)
obl:by(made-26, durlelgh-29)
dep(made-26, dated-30)
dep(dated-30, aug-31)
compound(iii-34, 1-32)
compound(iii-34, 11-33)
nummod(ivory-36, iii-34)
compound(ivory-36, fur-35)
dep(aug-31, ivory-36)
obj(endorsed-44, ivory-36)
amod(ivory-36, payable-37)
case(weed-40, to-38)
compound(weed-40, earth-39)
obl:to(payable-37, weed-40)
ref(ivory-36, which-41)
nsubj:pass(endorsed-44, note-42)
aux:pass(endorsed-44, was-43)
acl:relcl(ivory-36, endorsed-44)
compound(weed-46, hymn-45)
obj(endorsed-44, weed-46)
nsubj(delivered-48, weed-46)
ref(weed-46, who-47)
acl:relcl(weed-46, delivered-48)
obj(delivered-48, it-49)
case(smith-52, to-50)
compound(smith-52, mr-51)
obl:to(delivered-48, smith-52)

Extracted the following NER entity mentions:
ii	NUMBER	NUMBER:-1.0
today	DATE	DATE:-1.0
aug 1	DATE	DATE:-1.0
11	NUMBER	NUMBER:-1.0
iii	NUMBER	NUMBER:-1.0

Coreference set:
	(1,49,[49,50]) -> (1,42,[42,43]), that is: "it" -> "note"
