Document: ID=kalita much bad nhat.txt (1 sentences, 490 tokens)

Sentence #1 (490 tokens):
had guns ron joxljyrraif apt kalita much bad nhat that he may not be able 1 la may 1 aa thursday piiitauuihia nov otti university training house was again the scene of activity today the trip to sprjlitffield to witness the yaleharvard game has been far from beneficial to the condition of the university players diet of railroad pie is hardly good thing for football men and neither are long railroad journ good the nervous strain of wit iieksliig such contest as the very lively one of saturday the players one and all de clare to be worse than playing in the game itself it is now generally admitted that it would have been uiuuh better to have sent several experienced men 10 witness the play and kept the rest hard at work at home however while the trip has done no told to the men was expected it is not lielleved that any harm less resulted today game was on the 31 grounds because the university field is being resolved down its centre for nearly the entire length of the gridiron the play was rather unique tile time being devoted mostly to association football for the purpose of developing speed and wind the usual signal israelite was of course gone through walonhiiru is fast founding into shape again and should be in fine condition by next churc ll whatley will ll hl fn him ilya haiti inagnlflrent game while all the other players are good as ever ploslcall with this exception of apt knope it looks probable now that the sturdy pennsylvania leader will not be able in take part in this last and most important game of hu football career that is bad news to pennsylvania followers who saw to effect of lit absence on the interference iii the cornell game his knee is in very bad shape but every effort will be made tn round him up into fair condition tonight the football squad including both regular and substitutes left 1 the city for se cret practice the destination is the delaware water lap where they prepared for the battle against princeton the fine racing air had wonderful effect in their former visit the players being eager for work while they were in the mountains call 1 only has with him he following men kail baths ranks and allen half backs brood flat thomas worth and ilaxsett quarter luck williams and half ends dickson llosengarten and 1111 tackle minds wagonburat karras am ort guards wharlgu wuodriift and han cork and centre nun hull preparations for the game are progressing the east and west stands are entirely finished on the university grounds the south stand is completed all except ftw rows white the north stand is just taking shape the field has an imposing left ct with ills 000 seat rising alert it and si from today sale it loooksaa if all the people could not iii accommodated

Tokens:
[Text=had CharacterOffsetBegin=0 CharacterOffsetEnd=3 PartOfSpeech=VBD Lemma=have NamedEntityTag=O]
[Text=guns CharacterOffsetBegin=4 CharacterOffsetEnd=8 PartOfSpeech=NNS Lemma=gun NamedEntityTag=O]
[Text=ron CharacterOffsetBegin=9 CharacterOffsetEnd=12 PartOfSpeech=NNP Lemma=ron NamedEntityTag=O]
[Text=joxljyrraif CharacterOffsetBegin=13 CharacterOffsetEnd=24 PartOfSpeech=NNP Lemma=joxljyrraif NamedEntityTag=O]
[Text=apt CharacterOffsetBegin=25 CharacterOffsetEnd=28 PartOfSpeech=JJ Lemma=apt NamedEntityTag=O]
[Text=kalita CharacterOffsetBegin=29 CharacterOffsetEnd=35 PartOfSpeech=NN Lemma=kalita NamedEntityTag=O]
[Text=much CharacterOffsetBegin=36 CharacterOffsetEnd=40 PartOfSpeech=RB Lemma=much NamedEntityTag=O]
[Text=bad CharacterOffsetBegin=41 CharacterOffsetEnd=44 PartOfSpeech=JJ Lemma=bad NamedEntityTag=O]
[Text=nhat CharacterOffsetBegin=45 CharacterOffsetEnd=49 PartOfSpeech=NN Lemma=nhat NamedEntityTag=O]
[Text=that CharacterOffsetBegin=50 CharacterOffsetEnd=54 PartOfSpeech=WDT Lemma=that NamedEntityTag=O]
[Text=he CharacterOffsetBegin=55 CharacterOffsetEnd=57 PartOfSpeech=PRP Lemma=he NamedEntityTag=O]
[Text=may CharacterOffsetBegin=58 CharacterOffsetEnd=61 PartOfSpeech=MD Lemma=may NamedEntityTag=O]
[Text=not CharacterOffsetBegin=62 CharacterOffsetEnd=65 PartOfSpeech=RB Lemma=not NamedEntityTag=O]
[Text=be CharacterOffsetBegin=66 CharacterOffsetEnd=68 PartOfSpeech=VB Lemma=be NamedEntityTag=O]
[Text=able CharacterOffsetBegin=69 CharacterOffsetEnd=73 PartOfSpeech=JJ Lemma=able NamedEntityTag=O]
[Text=1 CharacterOffsetBegin=74 CharacterOffsetEnd=75 PartOfSpeech=NNP Lemma=1 NamedEntityTag=NUMBER NormalizedNamedEntityTag=1.0]
[Text=la CharacterOffsetBegin=76 CharacterOffsetEnd=78 PartOfSpeech=NNP Lemma=la NamedEntityTag=O]
[Text=may CharacterOffsetBegin=79 CharacterOffsetEnd=82 PartOfSpeech=MD Lemma=may NamedEntityTag=DATE NormalizedNamedEntityTag=XXXX-05-01 Timex=<TIMEX3 tid="t1" type="DATE" value="XXXX-05-01">may 1</TIMEX3>]
[Text=1 CharacterOffsetBegin=83 CharacterOffsetEnd=84 PartOfSpeech=CD Lemma=1 NamedEntityTag=DATE NormalizedNamedEntityTag=XXXX-05-01 Timex=<TIMEX3 tid="t1" type="DATE" value="XXXX-05-01">may 1</TIMEX3>]
[Text=aa CharacterOffsetBegin=85 CharacterOffsetEnd=87 PartOfSpeech=NN Lemma=aa NamedEntityTag=O]
[Text=thursday CharacterOffsetBegin=88 CharacterOffsetEnd=96 PartOfSpeech=NNP Lemma=thursday NamedEntityTag=DATE NormalizedNamedEntityTag=XXXX-WXX-4 Timex=<TIMEX3 tid="t2" type="DATE" value="XXXX-WXX-4">thursday</TIMEX3>]
[Text=piiitauuihia CharacterOffsetBegin=97 CharacterOffsetEnd=109 PartOfSpeech=NNP Lemma=piiitauuihia NamedEntityTag=O]
[Text=nov CharacterOffsetBegin=110 CharacterOffsetEnd=113 PartOfSpeech=NNP Lemma=nov NamedEntityTag=DATE NormalizedNamedEntityTag=XXXX-11 Timex=<TIMEX3 tid="t3" type="DATE" value="XXXX-11">nov</TIMEX3>]
[Text=otti CharacterOffsetBegin=114 CharacterOffsetEnd=118 PartOfSpeech=NNP Lemma=otti NamedEntityTag=O]
[Text=university CharacterOffsetBegin=119 CharacterOffsetEnd=129 PartOfSpeech=NN Lemma=university NamedEntityTag=O]
[Text=training CharacterOffsetBegin=130 CharacterOffsetEnd=138 PartOfSpeech=NN Lemma=training NamedEntityTag=O]
[Text=house CharacterOffsetBegin=139 CharacterOffsetEnd=144 PartOfSpeech=NN Lemma=house NamedEntityTag=O]
[Text=was CharacterOffsetBegin=145 CharacterOffsetEnd=148 PartOfSpeech=VBD Lemma=be NamedEntityTag=O]
[Text=again CharacterOffsetBegin=149 CharacterOffsetEnd=154 PartOfSpeech=RB Lemma=again NamedEntityTag=O]
[Text=the CharacterOffsetBegin=155 CharacterOffsetEnd=158 PartOfSpeech=DT Lemma=the NamedEntityTag=O]
[Text=scene CharacterOffsetBegin=159 CharacterOffsetEnd=164 PartOfSpeech=NN Lemma=scene NamedEntityTag=O]
[Text=of CharacterOffsetBegin=165 CharacterOffsetEnd=167 PartOfSpeech=IN Lemma=of NamedEntityTag=O]
[Text=activity CharacterOffsetBegin=168 CharacterOffsetEnd=176 PartOfSpeech=NN Lemma=activity NamedEntityTag=O]
[Text=today CharacterOffsetBegin=177 CharacterOffsetEnd=182 PartOfSpeech=NN Lemma=today NamedEntityTag=DATE NormalizedNamedEntityTag=THIS P1D Timex=<TIMEX3 alt_value="THIS P1D" anchorTimeID="t0" temporalFunction="true" tid="t4" type="DATE" valueFromFunction="tf0">today</TIMEX3>]
[Text=the CharacterOffsetBegin=183 CharacterOffsetEnd=186 PartOfSpeech=DT Lemma=the NamedEntityTag=O]
[Text=trip CharacterOffsetBegin=187 CharacterOffsetEnd=191 PartOfSpeech=NN Lemma=trip NamedEntityTag=O]
[Text=to CharacterOffsetBegin=192 CharacterOffsetEnd=194 PartOfSpeech=IN Lemma=to NamedEntityTag=O]
[Text=sprjlitffield CharacterOffsetBegin=195 CharacterOffsetEnd=208 PartOfSpeech=NN Lemma=sprjlitffield NamedEntityTag=O]
[Text=to CharacterOffsetBegin=209 CharacterOffsetEnd=211 PartOfSpeech=IN Lemma=to NamedEntityTag=O]
[Text=witness CharacterOffsetBegin=212 CharacterOffsetEnd=219 PartOfSpeech=NN Lemma=witness NamedEntityTag=O]
[Text=the CharacterOffsetBegin=220 CharacterOffsetEnd=223 PartOfSpeech=DT Lemma=the NamedEntityTag=O]
[Text=yaleharvard CharacterOffsetBegin=224 CharacterOffsetEnd=235 PartOfSpeech=NN Lemma=yaleharvard NamedEntityTag=O]
[Text=game CharacterOffsetBegin=236 CharacterOffsetEnd=240 PartOfSpeech=NN Lemma=game NamedEntityTag=O]
[Text=has CharacterOffsetBegin=241 CharacterOffsetEnd=244 PartOfSpeech=VBZ Lemma=have NamedEntityTag=O]
[Text=been CharacterOffsetBegin=245 CharacterOffsetEnd=249 PartOfSpeech=VBN Lemma=be NamedEntityTag=O]
[Text=far CharacterOffsetBegin=250 CharacterOffsetEnd=253 PartOfSpeech=RB Lemma=far NamedEntityTag=O]
[Text=from CharacterOffsetBegin=254 CharacterOffsetEnd=258 PartOfSpeech=IN Lemma=from NamedEntityTag=O]
[Text=beneficial CharacterOffsetBegin=259 CharacterOffsetEnd=269 PartOfSpeech=JJ Lemma=beneficial NamedEntityTag=O]
[Text=to CharacterOffsetBegin=270 CharacterOffsetEnd=272 PartOfSpeech=IN Lemma=to NamedEntityTag=O]
[Text=the CharacterOffsetBegin=273 CharacterOffsetEnd=276 PartOfSpeech=DT Lemma=the NamedEntityTag=O]
[Text=condition CharacterOffsetBegin=277 CharacterOffsetEnd=286 PartOfSpeech=NN Lemma=condition NamedEntityTag=O]
[Text=of CharacterOffsetBegin=287 CharacterOffsetEnd=289 PartOfSpeech=IN Lemma=of NamedEntityTag=O]
[Text=the CharacterOffsetBegin=290 CharacterOffsetEnd=293 PartOfSpeech=DT Lemma=the NamedEntityTag=O]
[Text=university CharacterOffsetBegin=294 CharacterOffsetEnd=304 PartOfSpeech=NN Lemma=university NamedEntityTag=O]
[Text=players CharacterOffsetBegin=305 CharacterOffsetEnd=312 PartOfSpeech=NNS Lemma=player NamedEntityTag=O]
[Text=diet CharacterOffsetBegin=313 CharacterOffsetEnd=317 PartOfSpeech=NN Lemma=diet NamedEntityTag=O]
[Text=of CharacterOffsetBegin=318 CharacterOffsetEnd=320 PartOfSpeech=IN Lemma=of NamedEntityTag=O]
[Text=railroad CharacterOffsetBegin=321 CharacterOffsetEnd=329 PartOfSpeech=NN Lemma=railroad NamedEntityTag=O]
[Text=pie CharacterOffsetBegin=330 CharacterOffsetEnd=333 PartOfSpeech=NN Lemma=pie NamedEntityTag=O]
[Text=is CharacterOffsetBegin=334 CharacterOffsetEnd=336 PartOfSpeech=VBZ Lemma=be NamedEntityTag=O]
[Text=hardly CharacterOffsetBegin=337 CharacterOffsetEnd=343 PartOfSpeech=RB Lemma=hardly NamedEntityTag=O]
[Text=good CharacterOffsetBegin=344 CharacterOffsetEnd=348 PartOfSpeech=JJ Lemma=good NamedEntityTag=O]
[Text=thing CharacterOffsetBegin=349 CharacterOffsetEnd=354 PartOfSpeech=NN Lemma=thing NamedEntityTag=O]
[Text=for CharacterOffsetBegin=355 CharacterOffsetEnd=358 PartOfSpeech=IN Lemma=for NamedEntityTag=O]
[Text=football CharacterOffsetBegin=359 CharacterOffsetEnd=367 PartOfSpeech=NN Lemma=football NamedEntityTag=O]
[Text=men CharacterOffsetBegin=368 CharacterOffsetEnd=371 PartOfSpeech=NNS Lemma=man NamedEntityTag=O]
[Text=and CharacterOffsetBegin=372 CharacterOffsetEnd=375 PartOfSpeech=CC Lemma=and NamedEntityTag=O]
[Text=neither CharacterOffsetBegin=376 CharacterOffsetEnd=383 PartOfSpeech=CC Lemma=neither NamedEntityTag=O]
[Text=are CharacterOffsetBegin=384 CharacterOffsetEnd=387 PartOfSpeech=VBP Lemma=be NamedEntityTag=O]
[Text=long CharacterOffsetBegin=388 CharacterOffsetEnd=392 PartOfSpeech=JJ Lemma=long NamedEntityTag=O]
[Text=railroad CharacterOffsetBegin=393 CharacterOffsetEnd=401 PartOfSpeech=NN Lemma=railroad NamedEntityTag=O]
[Text=journ CharacterOffsetBegin=402 CharacterOffsetEnd=407 PartOfSpeech=RB Lemma=journ NamedEntityTag=O]
[Text=good CharacterOffsetBegin=408 CharacterOffsetEnd=412 PartOfSpeech=JJ Lemma=good NamedEntityTag=O]
[Text=the CharacterOffsetBegin=413 CharacterOffsetEnd=416 PartOfSpeech=DT Lemma=the NamedEntityTag=O]
[Text=nervous CharacterOffsetBegin=417 CharacterOffsetEnd=424 PartOfSpeech=JJ Lemma=nervous NamedEntityTag=O]
[Text=strain CharacterOffsetBegin=425 CharacterOffsetEnd=431 PartOfSpeech=NN Lemma=strain NamedEntityTag=O]
[Text=of CharacterOffsetBegin=432 CharacterOffsetEnd=434 PartOfSpeech=IN Lemma=of NamedEntityTag=O]
[Text=wit CharacterOffsetBegin=435 CharacterOffsetEnd=438 PartOfSpeech=NN Lemma=wit NamedEntityTag=O]
[Text=iieksliig CharacterOffsetBegin=439 CharacterOffsetEnd=448 PartOfSpeech=NN Lemma=iieksliig NamedEntityTag=O]
[Text=such CharacterOffsetBegin=449 CharacterOffsetEnd=453 PartOfSpeech=JJ Lemma=such NamedEntityTag=O]
[Text=contest CharacterOffsetBegin=454 CharacterOffsetEnd=461 PartOfSpeech=NN Lemma=contest NamedEntityTag=O]
[Text=as CharacterOffsetBegin=462 CharacterOffsetEnd=464 PartOfSpeech=IN Lemma=as NamedEntityTag=O]
[Text=the CharacterOffsetBegin=465 CharacterOffsetEnd=468 PartOfSpeech=DT Lemma=the NamedEntityTag=O]
[Text=very CharacterOffsetBegin=469 CharacterOffsetEnd=473 PartOfSpeech=RB Lemma=very NamedEntityTag=O]
[Text=lively CharacterOffsetBegin=474 CharacterOffsetEnd=480 PartOfSpeech=JJ Lemma=lively NamedEntityTag=O]
[Text=one CharacterOffsetBegin=481 CharacterOffsetEnd=484 PartOfSpeech=CD Lemma=one NamedEntityTag=NUMBER NormalizedNamedEntityTag=1.0]
[Text=of CharacterOffsetBegin=485 CharacterOffsetEnd=487 PartOfSpeech=IN Lemma=of NamedEntityTag=O]
[Text=saturday CharacterOffsetBegin=488 CharacterOffsetEnd=496 PartOfSpeech=NNP Lemma=saturday NamedEntityTag=DATE NormalizedNamedEntityTag=XXXX-WXX-6 Timex=<TIMEX3 tid="t5" type="DATE" value="XXXX-WXX-6">saturday</TIMEX3>]
[Text=the CharacterOffsetBegin=497 CharacterOffsetEnd=500 PartOfSpeech=DT Lemma=the NamedEntityTag=O]
[Text=players CharacterOffsetBegin=501 CharacterOffsetEnd=508 PartOfSpeech=NNS Lemma=player NamedEntityTag=O]
[Text=one CharacterOffsetBegin=509 CharacterOffsetEnd=512 PartOfSpeech=CD Lemma=one NamedEntityTag=NUMBER NormalizedNamedEntityTag=1.0]
[Text=and CharacterOffsetBegin=513 CharacterOffsetEnd=516 PartOfSpeech=CC Lemma=and NamedEntityTag=O]
[Text=all CharacterOffsetBegin=517 CharacterOffsetEnd=520 PartOfSpeech=DT Lemma=all NamedEntityTag=O]
[Text=de CharacterOffsetBegin=521 CharacterOffsetEnd=523 PartOfSpeech=FW Lemma=de NamedEntityTag=O]
[Text=clare CharacterOffsetBegin=524 CharacterOffsetEnd=529 PartOfSpeech=FW Lemma=clare NamedEntityTag=O]
[Text=to CharacterOffsetBegin=530 CharacterOffsetEnd=532 PartOfSpeech=TO Lemma=to NamedEntityTag=O]
[Text=be CharacterOffsetBegin=533 CharacterOffsetEnd=535 PartOfSpeech=VB Lemma=be NamedEntityTag=O]
[Text=worse CharacterOffsetBegin=536 CharacterOffsetEnd=541 PartOfSpeech=JJR Lemma=worse NamedEntityTag=O]
[Text=than CharacterOffsetBegin=542 CharacterOffsetEnd=546 PartOfSpeech=IN Lemma=than NamedEntityTag=O]
[Text=playing CharacterOffsetBegin=547 CharacterOffsetEnd=554 PartOfSpeech=VBG Lemma=play NamedEntityTag=O]
[Text=in CharacterOffsetBegin=555 CharacterOffsetEnd=557 PartOfSpeech=IN Lemma=in NamedEntityTag=O]
[Text=the CharacterOffsetBegin=558 CharacterOffsetEnd=561 PartOfSpeech=DT Lemma=the NamedEntityTag=O]
[Text=game CharacterOffsetBegin=562 CharacterOffsetEnd=566 PartOfSpeech=NN Lemma=game NamedEntityTag=O]
[Text=itself CharacterOffsetBegin=567 CharacterOffsetEnd=573 PartOfSpeech=PRP Lemma=itself NamedEntityTag=O]
[Text=it CharacterOffsetBegin=574 CharacterOffsetEnd=576 PartOfSpeech=PRP Lemma=it NamedEntityTag=O]
[Text=is CharacterOffsetBegin=577 CharacterOffsetEnd=579 PartOfSpeech=VBZ Lemma=be NamedEntityTag=O]
[Text=now CharacterOffsetBegin=580 CharacterOffsetEnd=583 PartOfSpeech=RB Lemma=now NamedEntityTag=DATE NormalizedNamedEntityTag=PRESENT_REF Timex=<TIMEX3 tid="t6" type="DATE" value="PRESENT_REF">now</TIMEX3>]
[Text=generally CharacterOffsetBegin=584 CharacterOffsetEnd=593 PartOfSpeech=RB Lemma=generally NamedEntityTag=O]
[Text=admitted CharacterOffsetBegin=594 CharacterOffsetEnd=602 PartOfSpeech=VBN Lemma=admit NamedEntityTag=O]
[Text=that CharacterOffsetBegin=603 CharacterOffsetEnd=607 PartOfSpeech=IN Lemma=that NamedEntityTag=O]
[Text=it CharacterOffsetBegin=608 CharacterOffsetEnd=610 PartOfSpeech=PRP Lemma=it NamedEntityTag=O]
[Text=would CharacterOffsetBegin=611 CharacterOffsetEnd=616 PartOfSpeech=MD Lemma=would NamedEntityTag=O]
[Text=have CharacterOffsetBegin=617 CharacterOffsetEnd=621 PartOfSpeech=VB Lemma=have NamedEntityTag=O]
[Text=been CharacterOffsetBegin=622 CharacterOffsetEnd=626 PartOfSpeech=VBN Lemma=be NamedEntityTag=O]
[Text=uiuuh CharacterOffsetBegin=627 CharacterOffsetEnd=632 PartOfSpeech=RB Lemma=uiuuh NamedEntityTag=O]
[Text=better CharacterOffsetBegin=633 CharacterOffsetEnd=639 PartOfSpeech=JJR Lemma=better NamedEntityTag=O]
[Text=to CharacterOffsetBegin=640 CharacterOffsetEnd=642 PartOfSpeech=TO Lemma=to NamedEntityTag=O]
[Text=have CharacterOffsetBegin=643 CharacterOffsetEnd=647 PartOfSpeech=VB Lemma=have NamedEntityTag=O]
[Text=sent CharacterOffsetBegin=648 CharacterOffsetEnd=652 PartOfSpeech=VBN Lemma=send NamedEntityTag=O]
[Text=several CharacterOffsetBegin=653 CharacterOffsetEnd=660 PartOfSpeech=JJ Lemma=several NamedEntityTag=O]
[Text=experienced CharacterOffsetBegin=661 CharacterOffsetEnd=672 PartOfSpeech=JJ Lemma=experienced NamedEntityTag=O]
[Text=men CharacterOffsetBegin=673 CharacterOffsetEnd=676 PartOfSpeech=NNS Lemma=man NamedEntityTag=O]
[Text=10 CharacterOffsetBegin=677 CharacterOffsetEnd=679 PartOfSpeech=CD Lemma=10 NamedEntityTag=NUMBER NormalizedNamedEntityTag=10.0]
[Text=witness CharacterOffsetBegin=680 CharacterOffsetEnd=687 PartOfSpeech=NN Lemma=witness NamedEntityTag=O]
[Text=the CharacterOffsetBegin=688 CharacterOffsetEnd=691 PartOfSpeech=DT Lemma=the NamedEntityTag=O]
[Text=play CharacterOffsetBegin=692 CharacterOffsetEnd=696 PartOfSpeech=NN Lemma=play NamedEntityTag=O]
[Text=and CharacterOffsetBegin=697 CharacterOffsetEnd=700 PartOfSpeech=CC Lemma=and NamedEntityTag=O]
[Text=kept CharacterOffsetBegin=701 CharacterOffsetEnd=705 PartOfSpeech=VBD Lemma=keep NamedEntityTag=O]
[Text=the CharacterOffsetBegin=706 CharacterOffsetEnd=709 PartOfSpeech=DT Lemma=the NamedEntityTag=O]
[Text=rest CharacterOffsetBegin=710 CharacterOffsetEnd=714 PartOfSpeech=NN Lemma=rest NamedEntityTag=O]
[Text=hard CharacterOffsetBegin=715 CharacterOffsetEnd=719 PartOfSpeech=RB Lemma=hard NamedEntityTag=O]
[Text=at CharacterOffsetBegin=720 CharacterOffsetEnd=722 PartOfSpeech=IN Lemma=at NamedEntityTag=O]
[Text=work CharacterOffsetBegin=723 CharacterOffsetEnd=727 PartOfSpeech=NN Lemma=work NamedEntityTag=O]
[Text=at CharacterOffsetBegin=728 CharacterOffsetEnd=730 PartOfSpeech=IN Lemma=at NamedEntityTag=O]
[Text=home CharacterOffsetBegin=731 CharacterOffsetEnd=735 PartOfSpeech=NN Lemma=home NamedEntityTag=O]
[Text=however CharacterOffsetBegin=736 CharacterOffsetEnd=743 PartOfSpeech=RB Lemma=however NamedEntityTag=O]
[Text=while CharacterOffsetBegin=744 CharacterOffsetEnd=749 PartOfSpeech=IN Lemma=while NamedEntityTag=O]
[Text=the CharacterOffsetBegin=750 CharacterOffsetEnd=753 PartOfSpeech=DT Lemma=the NamedEntityTag=O]
[Text=trip CharacterOffsetBegin=754 CharacterOffsetEnd=758 PartOfSpeech=NN Lemma=trip NamedEntityTag=O]
[Text=has CharacterOffsetBegin=759 CharacterOffsetEnd=762 PartOfSpeech=VBZ Lemma=have NamedEntityTag=O]
[Text=done CharacterOffsetBegin=763 CharacterOffsetEnd=767 PartOfSpeech=VBN Lemma=do NamedEntityTag=O]
[Text=no CharacterOffsetBegin=768 CharacterOffsetEnd=770 PartOfSpeech=DT Lemma=no NamedEntityTag=O]
[Text=told CharacterOffsetBegin=771 CharacterOffsetEnd=775 PartOfSpeech=VBD Lemma=tell NamedEntityTag=O]
[Text=to CharacterOffsetBegin=776 CharacterOffsetEnd=778 PartOfSpeech=IN Lemma=to NamedEntityTag=O]
[Text=the CharacterOffsetBegin=779 CharacterOffsetEnd=782 PartOfSpeech=DT Lemma=the NamedEntityTag=O]
[Text=men CharacterOffsetBegin=783 CharacterOffsetEnd=786 PartOfSpeech=NNS Lemma=man NamedEntityTag=O]
[Text=was CharacterOffsetBegin=787 CharacterOffsetEnd=790 PartOfSpeech=VBD Lemma=be NamedEntityTag=O]
[Text=expected CharacterOffsetBegin=791 CharacterOffsetEnd=799 PartOfSpeech=VBN Lemma=expect NamedEntityTag=O]
[Text=it CharacterOffsetBegin=800 CharacterOffsetEnd=802 PartOfSpeech=PRP Lemma=it NamedEntityTag=O]
[Text=is CharacterOffsetBegin=803 CharacterOffsetEnd=805 PartOfSpeech=VBZ Lemma=be NamedEntityTag=O]
[Text=not CharacterOffsetBegin=806 CharacterOffsetEnd=809 PartOfSpeech=RB Lemma=not NamedEntityTag=O]
[Text=lielleved CharacterOffsetBegin=810 CharacterOffsetEnd=819 PartOfSpeech=VBN Lemma=lielleve NamedEntityTag=O]
[Text=that CharacterOffsetBegin=820 CharacterOffsetEnd=824 PartOfSpeech=IN Lemma=that NamedEntityTag=O]
[Text=any CharacterOffsetBegin=825 CharacterOffsetEnd=828 PartOfSpeech=DT Lemma=any NamedEntityTag=O]
[Text=harm CharacterOffsetBegin=829 CharacterOffsetEnd=833 PartOfSpeech=NN Lemma=harm NamedEntityTag=O]
[Text=less CharacterOffsetBegin=834 CharacterOffsetEnd=838 PartOfSpeech=RBR Lemma=less NamedEntityTag=O]
[Text=resulted CharacterOffsetBegin=839 CharacterOffsetEnd=847 PartOfSpeech=VBD Lemma=result NamedEntityTag=O]
[Text=today CharacterOffsetBegin=848 CharacterOffsetEnd=853 PartOfSpeech=NN Lemma=today NamedEntityTag=DATE NormalizedNamedEntityTag=THIS P1D Timex=<TIMEX3 alt_value="THIS P1D" anchorTimeID="t0" temporalFunction="true" tid="t4" type="DATE" valueFromFunction="tf0">today</TIMEX3>]
[Text=game CharacterOffsetBegin=854 CharacterOffsetEnd=858 PartOfSpeech=NN Lemma=game NamedEntityTag=O]
[Text=was CharacterOffsetBegin=859 CharacterOffsetEnd=862 PartOfSpeech=VBD Lemma=be NamedEntityTag=O]
[Text=on CharacterOffsetBegin=863 CharacterOffsetEnd=865 PartOfSpeech=IN Lemma=on NamedEntityTag=O]
[Text=the CharacterOffsetBegin=866 CharacterOffsetEnd=869 PartOfSpeech=DT Lemma=the NamedEntityTag=O]
[Text=31 CharacterOffsetBegin=870 CharacterOffsetEnd=872 PartOfSpeech=CD Lemma=31 NamedEntityTag=NUMBER NormalizedNamedEntityTag=31.0]
[Text=grounds CharacterOffsetBegin=873 CharacterOffsetEnd=880 PartOfSpeech=NNS Lemma=grounds NamedEntityTag=O]
[Text=because CharacterOffsetBegin=881 CharacterOffsetEnd=888 PartOfSpeech=IN Lemma=because NamedEntityTag=O]
[Text=the CharacterOffsetBegin=889 CharacterOffsetEnd=892 PartOfSpeech=DT Lemma=the NamedEntityTag=O]
[Text=university CharacterOffsetBegin=893 CharacterOffsetEnd=903 PartOfSpeech=NN Lemma=university NamedEntityTag=O]
[Text=field CharacterOffsetBegin=904 CharacterOffsetEnd=909 PartOfSpeech=NN Lemma=field NamedEntityTag=O]
[Text=is CharacterOffsetBegin=910 CharacterOffsetEnd=912 PartOfSpeech=VBZ Lemma=be NamedEntityTag=O]
[Text=being CharacterOffsetBegin=913 CharacterOffsetEnd=918 PartOfSpeech=VBG Lemma=be NamedEntityTag=O]
[Text=resolved CharacterOffsetBegin=919 CharacterOffsetEnd=927 PartOfSpeech=VBN Lemma=resolve NamedEntityTag=O]
[Text=down CharacterOffsetBegin=928 CharacterOffsetEnd=932 PartOfSpeech=IN Lemma=down NamedEntityTag=O]
[Text=its CharacterOffsetBegin=933 CharacterOffsetEnd=936 PartOfSpeech=PRP$ Lemma=its NamedEntityTag=O]
[Text=centre CharacterOffsetBegin=937 CharacterOffsetEnd=943 PartOfSpeech=NN Lemma=centre NamedEntityTag=O]
[Text=for CharacterOffsetBegin=944 CharacterOffsetEnd=947 PartOfSpeech=IN Lemma=for NamedEntityTag=O]
[Text=nearly CharacterOffsetBegin=948 CharacterOffsetEnd=954 PartOfSpeech=RB Lemma=nearly NamedEntityTag=O]
[Text=the CharacterOffsetBegin=955 CharacterOffsetEnd=958 PartOfSpeech=DT Lemma=the NamedEntityTag=O]
[Text=entire CharacterOffsetBegin=959 CharacterOffsetEnd=965 PartOfSpeech=JJ Lemma=entire NamedEntityTag=O]
[Text=length CharacterOffsetBegin=966 CharacterOffsetEnd=972 PartOfSpeech=NN Lemma=length NamedEntityTag=O]
[Text=of CharacterOffsetBegin=973 CharacterOffsetEnd=975 PartOfSpeech=IN Lemma=of NamedEntityTag=O]
[Text=the CharacterOffsetBegin=976 CharacterOffsetEnd=979 PartOfSpeech=DT Lemma=the NamedEntityTag=O]
[Text=gridiron CharacterOffsetBegin=980 CharacterOffsetEnd=988 PartOfSpeech=NN Lemma=gridiron NamedEntityTag=O]
[Text=the CharacterOffsetBegin=989 CharacterOffsetEnd=992 PartOfSpeech=DT Lemma=the NamedEntityTag=O]
[Text=play CharacterOffsetBegin=993 CharacterOffsetEnd=997 PartOfSpeech=NN Lemma=play NamedEntityTag=O]
[Text=was CharacterOffsetBegin=998 CharacterOffsetEnd=1001 PartOfSpeech=VBD Lemma=be NamedEntityTag=O]
[Text=rather CharacterOffsetBegin=1002 CharacterOffsetEnd=1008 PartOfSpeech=RB Lemma=rather NamedEntityTag=O]
[Text=unique CharacterOffsetBegin=1009 CharacterOffsetEnd=1015 PartOfSpeech=JJ Lemma=unique NamedEntityTag=O]
[Text=tile CharacterOffsetBegin=1016 CharacterOffsetEnd=1020 PartOfSpeech=NN Lemma=tile NamedEntityTag=O]
[Text=time CharacterOffsetBegin=1021 CharacterOffsetEnd=1025 PartOfSpeech=NN Lemma=time NamedEntityTag=O]
[Text=being CharacterOffsetBegin=1026 CharacterOffsetEnd=1031 PartOfSpeech=VBG Lemma=be NamedEntityTag=O]
[Text=devoted CharacterOffsetBegin=1032 CharacterOffsetEnd=1039 PartOfSpeech=VBN Lemma=devote NamedEntityTag=O]
[Text=mostly CharacterOffsetBegin=1040 CharacterOffsetEnd=1046 PartOfSpeech=RB Lemma=mostly NamedEntityTag=O]
[Text=to CharacterOffsetBegin=1047 CharacterOffsetEnd=1049 PartOfSpeech=IN Lemma=to NamedEntityTag=O]
[Text=association CharacterOffsetBegin=1050 CharacterOffsetEnd=1061 PartOfSpeech=NN Lemma=association NamedEntityTag=O]
[Text=football CharacterOffsetBegin=1062 CharacterOffsetEnd=1070 PartOfSpeech=NN Lemma=football NamedEntityTag=O]
[Text=for CharacterOffsetBegin=1071 CharacterOffsetEnd=1074 PartOfSpeech=IN Lemma=for NamedEntityTag=O]
[Text=the CharacterOffsetBegin=1075 CharacterOffsetEnd=1078 PartOfSpeech=DT Lemma=the NamedEntityTag=O]
[Text=purpose CharacterOffsetBegin=1079 CharacterOffsetEnd=1086 PartOfSpeech=NN Lemma=purpose NamedEntityTag=O]
[Text=of CharacterOffsetBegin=1087 CharacterOffsetEnd=1089 PartOfSpeech=IN Lemma=of NamedEntityTag=O]
[Text=developing CharacterOffsetBegin=1090 CharacterOffsetEnd=1100 PartOfSpeech=VBG Lemma=develop NamedEntityTag=O]
[Text=speed CharacterOffsetBegin=1101 CharacterOffsetEnd=1106 PartOfSpeech=NN Lemma=speed NamedEntityTag=O]
[Text=and CharacterOffsetBegin=1107 CharacterOffsetEnd=1110 PartOfSpeech=CC Lemma=and NamedEntityTag=O]
[Text=wind CharacterOffsetBegin=1111 CharacterOffsetEnd=1115 PartOfSpeech=NN Lemma=wind NamedEntityTag=O]
[Text=the CharacterOffsetBegin=1116 CharacterOffsetEnd=1119 PartOfSpeech=DT Lemma=the NamedEntityTag=O]
[Text=usual CharacterOffsetBegin=1120 CharacterOffsetEnd=1125 PartOfSpeech=JJ Lemma=usual NamedEntityTag=O]
[Text=signal CharacterOffsetBegin=1126 CharacterOffsetEnd=1132 PartOfSpeech=NN Lemma=signal NamedEntityTag=O]
[Text=israelite CharacterOffsetBegin=1133 CharacterOffsetEnd=1142 PartOfSpeech=NN Lemma=israelite NamedEntityTag=O]
[Text=was CharacterOffsetBegin=1143 CharacterOffsetEnd=1146 PartOfSpeech=VBD Lemma=be NamedEntityTag=O]
[Text=of CharacterOffsetBegin=1147 CharacterOffsetEnd=1149 PartOfSpeech=RB Lemma=of NamedEntityTag=O]
[Text=course CharacterOffsetBegin=1150 CharacterOffsetEnd=1156 PartOfSpeech=RB Lemma=course NamedEntityTag=O]
[Text=gone CharacterOffsetBegin=1157 CharacterOffsetEnd=1161 PartOfSpeech=VBN Lemma=go NamedEntityTag=O]
[Text=through CharacterOffsetBegin=1162 CharacterOffsetEnd=1169 PartOfSpeech=IN Lemma=through NamedEntityTag=O]
[Text=walonhiiru CharacterOffsetBegin=1170 CharacterOffsetEnd=1180 PartOfSpeech=NN Lemma=walonhiiru NamedEntityTag=O]
[Text=is CharacterOffsetBegin=1181 CharacterOffsetEnd=1183 PartOfSpeech=VBZ Lemma=be NamedEntityTag=O]
[Text=fast CharacterOffsetBegin=1184 CharacterOffsetEnd=1188 PartOfSpeech=JJ Lemma=fast NamedEntityTag=O]
[Text=founding CharacterOffsetBegin=1189 CharacterOffsetEnd=1197 PartOfSpeech=NN Lemma=founding NamedEntityTag=O]
[Text=into CharacterOffsetBegin=1198 CharacterOffsetEnd=1202 PartOfSpeech=IN Lemma=into NamedEntityTag=O]
[Text=shape CharacterOffsetBegin=1203 CharacterOffsetEnd=1208 PartOfSpeech=NN Lemma=shape NamedEntityTag=O]
[Text=again CharacterOffsetBegin=1209 CharacterOffsetEnd=1214 PartOfSpeech=RB Lemma=again NamedEntityTag=O]
[Text=and CharacterOffsetBegin=1215 CharacterOffsetEnd=1218 PartOfSpeech=CC Lemma=and NamedEntityTag=O]
[Text=should CharacterOffsetBegin=1219 CharacterOffsetEnd=1225 PartOfSpeech=MD Lemma=should NamedEntityTag=O]
[Text=be CharacterOffsetBegin=1226 CharacterOffsetEnd=1228 PartOfSpeech=VB Lemma=be NamedEntityTag=O]
[Text=in CharacterOffsetBegin=1229 CharacterOffsetEnd=1231 PartOfSpeech=IN Lemma=in NamedEntityTag=O]
[Text=fine CharacterOffsetBegin=1232 CharacterOffsetEnd=1236 PartOfSpeech=JJ Lemma=fine NamedEntityTag=O]
[Text=condition CharacterOffsetBegin=1237 CharacterOffsetEnd=1246 PartOfSpeech=NN Lemma=condition NamedEntityTag=O]
[Text=by CharacterOffsetBegin=1247 CharacterOffsetEnd=1249 PartOfSpeech=IN Lemma=by NamedEntityTag=O]
[Text=next CharacterOffsetBegin=1250 CharacterOffsetEnd=1254 PartOfSpeech=JJ Lemma=next NamedEntityTag=O]
[Text=churc CharacterOffsetBegin=1255 CharacterOffsetEnd=1260 PartOfSpeech=NN Lemma=churc NamedEntityTag=O]
[Text=ll CharacterOffsetBegin=1261 CharacterOffsetEnd=1263 PartOfSpeech=MD Lemma=will NamedEntityTag=O]
[Text=whatley CharacterOffsetBegin=1264 CharacterOffsetEnd=1271 PartOfSpeech=VB Lemma=whatley NamedEntityTag=O]
[Text=will CharacterOffsetBegin=1272 CharacterOffsetEnd=1276 PartOfSpeech=MD Lemma=will NamedEntityTag=O]
[Text=ll CharacterOffsetBegin=1277 CharacterOffsetEnd=1279 PartOfSpeech=MD Lemma=will NamedEntityTag=O]
[Text=hl CharacterOffsetBegin=1280 CharacterOffsetEnd=1282 PartOfSpeech=VB Lemma=hl NamedEntityTag=O]
[Text=fn CharacterOffsetBegin=1283 CharacterOffsetEnd=1285 PartOfSpeech=IN Lemma=fn NamedEntityTag=O]
[Text=him CharacterOffsetBegin=1286 CharacterOffsetEnd=1289 PartOfSpeech=PRP Lemma=he NamedEntityTag=O]
[Text=ilya CharacterOffsetBegin=1290 CharacterOffsetEnd=1294 PartOfSpeech=FW Lemma=ilya NamedEntityTag=O]
[Text=haiti CharacterOffsetBegin=1295 CharacterOffsetEnd=1300 PartOfSpeech=FW Lemma=haiti NamedEntityTag=O]
[Text=inagnlflrent CharacterOffsetBegin=1301 CharacterOffsetEnd=1313 PartOfSpeech=FW Lemma=inagnlflrent NamedEntityTag=O]
[Text=game CharacterOffsetBegin=1314 CharacterOffsetEnd=1318 PartOfSpeech=NN Lemma=game NamedEntityTag=O]
[Text=while CharacterOffsetBegin=1319 CharacterOffsetEnd=1324 PartOfSpeech=IN Lemma=while NamedEntityTag=O]
[Text=all CharacterOffsetBegin=1325 CharacterOffsetEnd=1328 PartOfSpeech=PDT Lemma=all NamedEntityTag=O]
[Text=the CharacterOffsetBegin=1329 CharacterOffsetEnd=1332 PartOfSpeech=DT Lemma=the NamedEntityTag=O]
[Text=other CharacterOffsetBegin=1333 CharacterOffsetEnd=1338 PartOfSpeech=JJ Lemma=other NamedEntityTag=O]
[Text=players CharacterOffsetBegin=1339 CharacterOffsetEnd=1346 PartOfSpeech=NNS Lemma=player NamedEntityTag=O]
[Text=are CharacterOffsetBegin=1347 CharacterOffsetEnd=1350 PartOfSpeech=VBP Lemma=be NamedEntityTag=O]
[Text=good CharacterOffsetBegin=1351 CharacterOffsetEnd=1355 PartOfSpeech=JJ Lemma=good NamedEntityTag=O]
[Text=as CharacterOffsetBegin=1356 CharacterOffsetEnd=1358 PartOfSpeech=IN Lemma=as NamedEntityTag=O]
[Text=ever CharacterOffsetBegin=1359 CharacterOffsetEnd=1363 PartOfSpeech=RB Lemma=ever NamedEntityTag=O]
[Text=ploslcall CharacterOffsetBegin=1364 CharacterOffsetEnd=1373 PartOfSpeech=JJ Lemma=ploslcall NamedEntityTag=O]
[Text=with CharacterOffsetBegin=1374 CharacterOffsetEnd=1378 PartOfSpeech=IN Lemma=with NamedEntityTag=O]
[Text=this CharacterOffsetBegin=1379 CharacterOffsetEnd=1383 PartOfSpeech=DT Lemma=this NamedEntityTag=O]
[Text=exception CharacterOffsetBegin=1384 CharacterOffsetEnd=1393 PartOfSpeech=NN Lemma=exception NamedEntityTag=O]
[Text=of CharacterOffsetBegin=1394 CharacterOffsetEnd=1396 PartOfSpeech=IN Lemma=of NamedEntityTag=O]
[Text=apt CharacterOffsetBegin=1397 CharacterOffsetEnd=1400 PartOfSpeech=JJ Lemma=apt NamedEntityTag=O]
[Text=knope CharacterOffsetBegin=1401 CharacterOffsetEnd=1406 PartOfSpeech=NN Lemma=knope NamedEntityTag=O]
[Text=it CharacterOffsetBegin=1407 CharacterOffsetEnd=1409 PartOfSpeech=PRP Lemma=it NamedEntityTag=O]
[Text=looks CharacterOffsetBegin=1410 CharacterOffsetEnd=1415 PartOfSpeech=VBZ Lemma=look NamedEntityTag=O]
[Text=probable CharacterOffsetBegin=1416 CharacterOffsetEnd=1424 PartOfSpeech=JJ Lemma=probable NamedEntityTag=O]
[Text=now CharacterOffsetBegin=1425 CharacterOffsetEnd=1428 PartOfSpeech=RB Lemma=now NamedEntityTag=DATE NormalizedNamedEntityTag=PRESENT_REF Timex=<TIMEX3 tid="t7" type="DATE" value="PRESENT_REF">now</TIMEX3>]
[Text=that CharacterOffsetBegin=1429 CharacterOffsetEnd=1433 PartOfSpeech=IN Lemma=that NamedEntityTag=O]
[Text=the CharacterOffsetBegin=1434 CharacterOffsetEnd=1437 PartOfSpeech=DT Lemma=the NamedEntityTag=O]
[Text=sturdy CharacterOffsetBegin=1438 CharacterOffsetEnd=1444 PartOfSpeech=JJ Lemma=sturdy NamedEntityTag=O]
[Text=pennsylvania CharacterOffsetBegin=1445 CharacterOffsetEnd=1457 PartOfSpeech=NN Lemma=pennsylvania NamedEntityTag=STATE_OR_PROVINCE]
[Text=leader CharacterOffsetBegin=1458 CharacterOffsetEnd=1464 PartOfSpeech=NN Lemma=leader NamedEntityTag=TITLE]
[Text=will CharacterOffsetBegin=1465 CharacterOffsetEnd=1469 PartOfSpeech=MD Lemma=will NamedEntityTag=O]
[Text=not CharacterOffsetBegin=1470 CharacterOffsetEnd=1473 PartOfSpeech=RB Lemma=not NamedEntityTag=O]
[Text=be CharacterOffsetBegin=1474 CharacterOffsetEnd=1476 PartOfSpeech=VB Lemma=be NamedEntityTag=O]
[Text=able CharacterOffsetBegin=1477 CharacterOffsetEnd=1481 PartOfSpeech=JJ Lemma=able NamedEntityTag=O]
[Text=in CharacterOffsetBegin=1482 CharacterOffsetEnd=1484 PartOfSpeech=IN Lemma=in NamedEntityTag=O]
[Text=take CharacterOffsetBegin=1485 CharacterOffsetEnd=1489 PartOfSpeech=NN Lemma=take NamedEntityTag=O]
[Text=part CharacterOffsetBegin=1490 CharacterOffsetEnd=1494 PartOfSpeech=NN Lemma=part NamedEntityTag=O]
[Text=in CharacterOffsetBegin=1495 CharacterOffsetEnd=1497 PartOfSpeech=IN Lemma=in NamedEntityTag=O]
[Text=this CharacterOffsetBegin=1498 CharacterOffsetEnd=1502 PartOfSpeech=DT Lemma=this NamedEntityTag=O]
[Text=last CharacterOffsetBegin=1503 CharacterOffsetEnd=1507 PartOfSpeech=JJ Lemma=last NamedEntityTag=O]
[Text=and CharacterOffsetBegin=1508 CharacterOffsetEnd=1511 PartOfSpeech=CC Lemma=and NamedEntityTag=O]
[Text=most CharacterOffsetBegin=1512 CharacterOffsetEnd=1516 PartOfSpeech=RBS Lemma=most NamedEntityTag=O]
[Text=important CharacterOffsetBegin=1517 CharacterOffsetEnd=1526 PartOfSpeech=JJ Lemma=important NamedEntityTag=O]
[Text=game CharacterOffsetBegin=1527 CharacterOffsetEnd=1531 PartOfSpeech=NN Lemma=game NamedEntityTag=O]
[Text=of CharacterOffsetBegin=1532 CharacterOffsetEnd=1534 PartOfSpeech=IN Lemma=of NamedEntityTag=O]
[Text=hu CharacterOffsetBegin=1535 CharacterOffsetEnd=1537 PartOfSpeech=NNP Lemma=hu NamedEntityTag=O]
[Text=football CharacterOffsetBegin=1538 CharacterOffsetEnd=1546 PartOfSpeech=NN Lemma=football NamedEntityTag=O]
[Text=career CharacterOffsetBegin=1547 CharacterOffsetEnd=1553 PartOfSpeech=NN Lemma=career NamedEntityTag=O]
[Text=that CharacterOffsetBegin=1554 CharacterOffsetEnd=1558 PartOfSpeech=WDT Lemma=that NamedEntityTag=O]
[Text=is CharacterOffsetBegin=1559 CharacterOffsetEnd=1561 PartOfSpeech=VBZ Lemma=be NamedEntityTag=O]
[Text=bad CharacterOffsetBegin=1562 CharacterOffsetEnd=1565 PartOfSpeech=JJ Lemma=bad NamedEntityTag=O]
[Text=news CharacterOffsetBegin=1566 CharacterOffsetEnd=1570 PartOfSpeech=NN Lemma=news NamedEntityTag=O]
[Text=to CharacterOffsetBegin=1571 CharacterOffsetEnd=1573 PartOfSpeech=IN Lemma=to NamedEntityTag=O]
[Text=pennsylvania CharacterOffsetBegin=1574 CharacterOffsetEnd=1586 PartOfSpeech=NN Lemma=pennsylvania NamedEntityTag=STATE_OR_PROVINCE]
[Text=followers CharacterOffsetBegin=1587 CharacterOffsetEnd=1596 PartOfSpeech=NNS Lemma=follower NamedEntityTag=O]
[Text=who CharacterOffsetBegin=1597 CharacterOffsetEnd=1600 PartOfSpeech=WP Lemma=who NamedEntityTag=O]
[Text=saw CharacterOffsetBegin=1601 CharacterOffsetEnd=1604 PartOfSpeech=VBD Lemma=see NamedEntityTag=O]
[Text=to CharacterOffsetBegin=1605 CharacterOffsetEnd=1607 PartOfSpeech=IN Lemma=to NamedEntityTag=O]
[Text=effect CharacterOffsetBegin=1608 CharacterOffsetEnd=1614 PartOfSpeech=NN Lemma=effect NamedEntityTag=O]
[Text=of CharacterOffsetBegin=1615 CharacterOffsetEnd=1617 PartOfSpeech=IN Lemma=of NamedEntityTag=O]
[Text=lit CharacterOffsetBegin=1618 CharacterOffsetEnd=1621 PartOfSpeech=VBN Lemma=light NamedEntityTag=O]
[Text=absence CharacterOffsetBegin=1622 CharacterOffsetEnd=1629 PartOfSpeech=NN Lemma=absence NamedEntityTag=O]
[Text=on CharacterOffsetBegin=1630 CharacterOffsetEnd=1632 PartOfSpeech=IN Lemma=on NamedEntityTag=O]
[Text=the CharacterOffsetBegin=1633 CharacterOffsetEnd=1636 PartOfSpeech=DT Lemma=the NamedEntityTag=O]
[Text=interference CharacterOffsetBegin=1637 CharacterOffsetEnd=1649 PartOfSpeech=NN Lemma=interference NamedEntityTag=O]
[Text=iii CharacterOffsetBegin=1650 CharacterOffsetEnd=1653 PartOfSpeech=CD Lemma=iii NamedEntityTag=NUMBER NormalizedNamedEntityTag=0.0]
[Text=the CharacterOffsetBegin=1654 CharacterOffsetEnd=1657 PartOfSpeech=DT Lemma=the NamedEntityTag=O]
[Text=cornell CharacterOffsetBegin=1658 CharacterOffsetEnd=1665 PartOfSpeech=NN Lemma=cornell NamedEntityTag=O]
[Text=game CharacterOffsetBegin=1666 CharacterOffsetEnd=1670 PartOfSpeech=NN Lemma=game NamedEntityTag=O]
[Text=his CharacterOffsetBegin=1671 CharacterOffsetEnd=1674 PartOfSpeech=PRP$ Lemma=he NamedEntityTag=O]
[Text=knee CharacterOffsetBegin=1675 CharacterOffsetEnd=1679 PartOfSpeech=NN Lemma=knee NamedEntityTag=O]
[Text=is CharacterOffsetBegin=1680 CharacterOffsetEnd=1682 PartOfSpeech=VBZ Lemma=be NamedEntityTag=O]
[Text=in CharacterOffsetBegin=1683 CharacterOffsetEnd=1685 PartOfSpeech=IN Lemma=in NamedEntityTag=O]
[Text=very CharacterOffsetBegin=1686 CharacterOffsetEnd=1690 PartOfSpeech=RB Lemma=very NamedEntityTag=O]
[Text=bad CharacterOffsetBegin=1691 CharacterOffsetEnd=1694 PartOfSpeech=JJ Lemma=bad NamedEntityTag=O]
[Text=shape CharacterOffsetBegin=1695 CharacterOffsetEnd=1700 PartOfSpeech=NN Lemma=shape NamedEntityTag=O]
[Text=but CharacterOffsetBegin=1701 CharacterOffsetEnd=1704 PartOfSpeech=CC Lemma=but NamedEntityTag=O]
[Text=every CharacterOffsetBegin=1705 CharacterOffsetEnd=1710 PartOfSpeech=DT Lemma=every NamedEntityTag=O]
[Text=effort CharacterOffsetBegin=1711 CharacterOffsetEnd=1717 PartOfSpeech=NN Lemma=effort NamedEntityTag=O]
[Text=will CharacterOffsetBegin=1718 CharacterOffsetEnd=1722 PartOfSpeech=MD Lemma=will NamedEntityTag=O]
[Text=be CharacterOffsetBegin=1723 CharacterOffsetEnd=1725 PartOfSpeech=VB Lemma=be NamedEntityTag=O]
[Text=made CharacterOffsetBegin=1726 CharacterOffsetEnd=1730 PartOfSpeech=VBN Lemma=make NamedEntityTag=O]
[Text=tn CharacterOffsetBegin=1731 CharacterOffsetEnd=1733 PartOfSpeech=JJ Lemma=tn NamedEntityTag=O]
[Text=round CharacterOffsetBegin=1734 CharacterOffsetEnd=1739 PartOfSpeech=IN Lemma=round NamedEntityTag=O]
[Text=him CharacterOffsetBegin=1740 CharacterOffsetEnd=1743 PartOfSpeech=PRP Lemma=he NamedEntityTag=O]
[Text=up CharacterOffsetBegin=1744 CharacterOffsetEnd=1746 PartOfSpeech=RP Lemma=up NamedEntityTag=O]
[Text=into CharacterOffsetBegin=1747 CharacterOffsetEnd=1751 PartOfSpeech=IN Lemma=into NamedEntityTag=O]
[Text=fair CharacterOffsetBegin=1752 CharacterOffsetEnd=1756 PartOfSpeech=JJ Lemma=fair NamedEntityTag=O]
[Text=condition CharacterOffsetBegin=1757 CharacterOffsetEnd=1766 PartOfSpeech=NN Lemma=condition NamedEntityTag=O]
[Text=tonight CharacterOffsetBegin=1767 CharacterOffsetEnd=1774 PartOfSpeech=NN Lemma=tonight NamedEntityTag=DATE NormalizedNamedEntityTag=THIS NI Timex=<TIMEX3 alt_value="THIS NI" anchorTimeID="t0" temporalFunction="true" tid="t8" type="DATE" valueFromFunction="tf1">tonight</TIMEX3>]
[Text=the CharacterOffsetBegin=1775 CharacterOffsetEnd=1778 PartOfSpeech=DT Lemma=the NamedEntityTag=O]
[Text=football CharacterOffsetBegin=1779 CharacterOffsetEnd=1787 PartOfSpeech=NN Lemma=football NamedEntityTag=O]
[Text=squad CharacterOffsetBegin=1788 CharacterOffsetEnd=1793 PartOfSpeech=NN Lemma=squad NamedEntityTag=O]
[Text=including CharacterOffsetBegin=1794 CharacterOffsetEnd=1803 PartOfSpeech=VBG Lemma=include NamedEntityTag=O]
[Text=both CharacterOffsetBegin=1804 CharacterOffsetEnd=1808 PartOfSpeech=CC Lemma=both NamedEntityTag=O]
[Text=regular CharacterOffsetBegin=1809 CharacterOffsetEnd=1816 PartOfSpeech=JJ Lemma=regular NamedEntityTag=O]
[Text=and CharacterOffsetBegin=1817 CharacterOffsetEnd=1820 PartOfSpeech=CC Lemma=and NamedEntityTag=O]
[Text=substitutes CharacterOffsetBegin=1821 CharacterOffsetEnd=1832 PartOfSpeech=NNS Lemma=substitute NamedEntityTag=O]
[Text=left CharacterOffsetBegin=1833 CharacterOffsetEnd=1837 PartOfSpeech=VBD Lemma=leave NamedEntityTag=O]
[Text=1 CharacterOffsetBegin=1838 CharacterOffsetEnd=1839 PartOfSpeech=CD Lemma=1 NamedEntityTag=NUMBER NormalizedNamedEntityTag=1.0]
[Text=the CharacterOffsetBegin=1840 CharacterOffsetEnd=1843 PartOfSpeech=DT Lemma=the NamedEntityTag=O]
[Text=city CharacterOffsetBegin=1844 CharacterOffsetEnd=1848 PartOfSpeech=NN Lemma=city NamedEntityTag=O]
[Text=for CharacterOffsetBegin=1849 CharacterOffsetEnd=1852 PartOfSpeech=IN Lemma=for NamedEntityTag=O]
[Text=se CharacterOffsetBegin=1853 CharacterOffsetEnd=1855 PartOfSpeech=FW Lemma=se NamedEntityTag=O]
[Text=cret CharacterOffsetBegin=1856 CharacterOffsetEnd=1860 PartOfSpeech=FW Lemma=cret NamedEntityTag=O]
[Text=practice CharacterOffsetBegin=1861 CharacterOffsetEnd=1869 PartOfSpeech=NN Lemma=practice NamedEntityTag=O]
[Text=the CharacterOffsetBegin=1870 CharacterOffsetEnd=1873 PartOfSpeech=DT Lemma=the NamedEntityTag=O]
[Text=destination CharacterOffsetBegin=1874 CharacterOffsetEnd=1885 PartOfSpeech=NN Lemma=destination NamedEntityTag=O]
[Text=is CharacterOffsetBegin=1886 CharacterOffsetEnd=1888 PartOfSpeech=VBZ Lemma=be NamedEntityTag=O]
[Text=the CharacterOffsetBegin=1889 CharacterOffsetEnd=1892 PartOfSpeech=DT Lemma=the NamedEntityTag=O]
[Text=delaware CharacterOffsetBegin=1893 CharacterOffsetEnd=1901 PartOfSpeech=NN Lemma=delaware NamedEntityTag=STATE_OR_PROVINCE]
[Text=water CharacterOffsetBegin=1902 CharacterOffsetEnd=1907 PartOfSpeech=NN Lemma=water NamedEntityTag=O]
[Text=lap CharacterOffsetBegin=1908 CharacterOffsetEnd=1911 PartOfSpeech=NN Lemma=lap NamedEntityTag=O]
[Text=where CharacterOffsetBegin=1912 CharacterOffsetEnd=1917 PartOfSpeech=WRB Lemma=where NamedEntityTag=O]
[Text=they CharacterOffsetBegin=1918 CharacterOffsetEnd=1922 PartOfSpeech=PRP Lemma=they NamedEntityTag=O]
[Text=prepared CharacterOffsetBegin=1923 CharacterOffsetEnd=1931 PartOfSpeech=VBD Lemma=prepare NamedEntityTag=O]
[Text=for CharacterOffsetBegin=1932 CharacterOffsetEnd=1935 PartOfSpeech=IN Lemma=for NamedEntityTag=O]
[Text=the CharacterOffsetBegin=1936 CharacterOffsetEnd=1939 PartOfSpeech=DT Lemma=the NamedEntityTag=O]
[Text=battle CharacterOffsetBegin=1940 CharacterOffsetEnd=1946 PartOfSpeech=NN Lemma=battle NamedEntityTag=O]
[Text=against CharacterOffsetBegin=1947 CharacterOffsetEnd=1954 PartOfSpeech=IN Lemma=against NamedEntityTag=O]
[Text=princeton CharacterOffsetBegin=1955 CharacterOffsetEnd=1964 PartOfSpeech=NNP Lemma=princeton NamedEntityTag=O]
[Text=the CharacterOffsetBegin=1965 CharacterOffsetEnd=1968 PartOfSpeech=DT Lemma=the NamedEntityTag=O]
[Text=fine CharacterOffsetBegin=1969 CharacterOffsetEnd=1973 PartOfSpeech=JJ Lemma=fine NamedEntityTag=O]
[Text=racing CharacterOffsetBegin=1974 CharacterOffsetEnd=1980 PartOfSpeech=NN Lemma=racing NamedEntityTag=O]
[Text=air CharacterOffsetBegin=1981 CharacterOffsetEnd=1984 PartOfSpeech=NN Lemma=air NamedEntityTag=O]
[Text=had CharacterOffsetBegin=1985 CharacterOffsetEnd=1988 PartOfSpeech=VBD Lemma=have NamedEntityTag=O]
[Text=wonderful CharacterOffsetBegin=1989 CharacterOffsetEnd=1998 PartOfSpeech=JJ Lemma=wonderful NamedEntityTag=O]
[Text=effect CharacterOffsetBegin=1999 CharacterOffsetEnd=2005 PartOfSpeech=NN Lemma=effect NamedEntityTag=O]
[Text=in CharacterOffsetBegin=2006 CharacterOffsetEnd=2008 PartOfSpeech=IN Lemma=in NamedEntityTag=O]
[Text=their CharacterOffsetBegin=2009 CharacterOffsetEnd=2014 PartOfSpeech=PRP$ Lemma=they NamedEntityTag=O]
[Text=former CharacterOffsetBegin=2015 CharacterOffsetEnd=2021 PartOfSpeech=JJ Lemma=former NamedEntityTag=O]
[Text=visit CharacterOffsetBegin=2022 CharacterOffsetEnd=2027 PartOfSpeech=NN Lemma=visit NamedEntityTag=O]
[Text=the CharacterOffsetBegin=2028 CharacterOffsetEnd=2031 PartOfSpeech=DT Lemma=the NamedEntityTag=O]
[Text=players CharacterOffsetBegin=2032 CharacterOffsetEnd=2039 PartOfSpeech=NNS Lemma=player NamedEntityTag=O]
[Text=being CharacterOffsetBegin=2040 CharacterOffsetEnd=2045 PartOfSpeech=VBG Lemma=be NamedEntityTag=O]
[Text=eager CharacterOffsetBegin=2046 CharacterOffsetEnd=2051 PartOfSpeech=JJ Lemma=eager NamedEntityTag=O]
[Text=for CharacterOffsetBegin=2052 CharacterOffsetEnd=2055 PartOfSpeech=IN Lemma=for NamedEntityTag=O]
[Text=work CharacterOffsetBegin=2056 CharacterOffsetEnd=2060 PartOfSpeech=NN Lemma=work NamedEntityTag=O]
[Text=while CharacterOffsetBegin=2061 CharacterOffsetEnd=2066 PartOfSpeech=IN Lemma=while NamedEntityTag=O]
[Text=they CharacterOffsetBegin=2067 CharacterOffsetEnd=2071 PartOfSpeech=PRP Lemma=they NamedEntityTag=O]
[Text=were CharacterOffsetBegin=2072 CharacterOffsetEnd=2076 PartOfSpeech=VBD Lemma=be NamedEntityTag=O]
[Text=in CharacterOffsetBegin=2077 CharacterOffsetEnd=2079 PartOfSpeech=IN Lemma=in NamedEntityTag=O]
[Text=the CharacterOffsetBegin=2080 CharacterOffsetEnd=2083 PartOfSpeech=DT Lemma=the NamedEntityTag=O]
[Text=mountains CharacterOffsetBegin=2084 CharacterOffsetEnd=2093 PartOfSpeech=NNS Lemma=mountain NamedEntityTag=O]
[Text=call CharacterOffsetBegin=2094 CharacterOffsetEnd=2098 PartOfSpeech=VBP Lemma=call NamedEntityTag=O]
[Text=1 CharacterOffsetBegin=2099 CharacterOffsetEnd=2100 PartOfSpeech=CD Lemma=1 NamedEntityTag=NUMBER NormalizedNamedEntityTag=1.0]
[Text=only CharacterOffsetBegin=2101 CharacterOffsetEnd=2105 PartOfSpeech=RB Lemma=only NamedEntityTag=O]
[Text=has CharacterOffsetBegin=2106 CharacterOffsetEnd=2109 PartOfSpeech=VBZ Lemma=have NamedEntityTag=O]
[Text=with CharacterOffsetBegin=2110 CharacterOffsetEnd=2114 PartOfSpeech=IN Lemma=with NamedEntityTag=O]
[Text=him CharacterOffsetBegin=2115 CharacterOffsetEnd=2118 PartOfSpeech=PRP Lemma=he NamedEntityTag=O]
[Text=he CharacterOffsetBegin=2119 CharacterOffsetEnd=2121 PartOfSpeech=PRP Lemma=he NamedEntityTag=O]
[Text=following CharacterOffsetBegin=2122 CharacterOffsetEnd=2131 PartOfSpeech=VBG Lemma=follow NamedEntityTag=O]
[Text=men CharacterOffsetBegin=2132 CharacterOffsetEnd=2135 PartOfSpeech=NNS Lemma=man NamedEntityTag=O]
[Text=kail CharacterOffsetBegin=2136 CharacterOffsetEnd=2140 PartOfSpeech=NN Lemma=kail NamedEntityTag=O]
[Text=baths CharacterOffsetBegin=2141 CharacterOffsetEnd=2146 PartOfSpeech=NNS Lemma=bath NamedEntityTag=O]
[Text=ranks CharacterOffsetBegin=2147 CharacterOffsetEnd=2152 PartOfSpeech=VBZ Lemma=rank NamedEntityTag=O]
[Text=and CharacterOffsetBegin=2153 CharacterOffsetEnd=2156 PartOfSpeech=CC Lemma=and NamedEntityTag=O]
[Text=allen CharacterOffsetBegin=2157 CharacterOffsetEnd=2162 PartOfSpeech=VBN Lemma=allen NamedEntityTag=O]
[Text=half CharacterOffsetBegin=2163 CharacterOffsetEnd=2167 PartOfSpeech=JJ Lemma=half NamedEntityTag=O]
[Text=backs CharacterOffsetBegin=2168 CharacterOffsetEnd=2173 PartOfSpeech=NNS Lemma=back NamedEntityTag=O]
[Text=brood CharacterOffsetBegin=2174 CharacterOffsetEnd=2179 PartOfSpeech=NN Lemma=brood NamedEntityTag=O]
[Text=flat CharacterOffsetBegin=2180 CharacterOffsetEnd=2184 PartOfSpeech=JJ Lemma=flat NamedEntityTag=O]
[Text=thomas CharacterOffsetBegin=2185 CharacterOffsetEnd=2191 PartOfSpeech=NNS Lemma=thoma NamedEntityTag=O]
[Text=worth CharacterOffsetBegin=2192 CharacterOffsetEnd=2197 PartOfSpeech=JJ Lemma=worth NamedEntityTag=O]
[Text=and CharacterOffsetBegin=2198 CharacterOffsetEnd=2201 PartOfSpeech=CC Lemma=and NamedEntityTag=O]
[Text=ilaxsett CharacterOffsetBegin=2202 CharacterOffsetEnd=2210 PartOfSpeech=JJ Lemma=ilaxsett NamedEntityTag=O]
[Text=quarter CharacterOffsetBegin=2211 CharacterOffsetEnd=2218 PartOfSpeech=NN Lemma=quarter NamedEntityTag=O]
[Text=luck CharacterOffsetBegin=2219 CharacterOffsetEnd=2223 PartOfSpeech=NN Lemma=luck NamedEntityTag=O]
[Text=williams CharacterOffsetBegin=2224 CharacterOffsetEnd=2232 PartOfSpeech=NNS Lemma=william NamedEntityTag=O]
[Text=and CharacterOffsetBegin=2233 CharacterOffsetEnd=2236 PartOfSpeech=CC Lemma=and NamedEntityTag=O]
[Text=half CharacterOffsetBegin=2237 CharacterOffsetEnd=2241 PartOfSpeech=NN Lemma=half NamedEntityTag=O]
[Text=ends CharacterOffsetBegin=2242 CharacterOffsetEnd=2246 PartOfSpeech=VBZ Lemma=end NamedEntityTag=O]
[Text=dickson CharacterOffsetBegin=2247 CharacterOffsetEnd=2254 PartOfSpeech=NN Lemma=dickson NamedEntityTag=O]
[Text=llosengarten CharacterOffsetBegin=2255 CharacterOffsetEnd=2267 PartOfSpeech=NN Lemma=llosengarten NamedEntityTag=O]
[Text=and CharacterOffsetBegin=2268 CharacterOffsetEnd=2271 PartOfSpeech=CC Lemma=and NamedEntityTag=O]
[Text=1111 CharacterOffsetBegin=2272 CharacterOffsetEnd=2276 PartOfSpeech=CD Lemma=1111 NamedEntityTag=DATE NormalizedNamedEntityTag=1111 Timex=<TIMEX3 tid="t9" type="DATE" value="1111">1111</TIMEX3>]
[Text=tackle CharacterOffsetBegin=2277 CharacterOffsetEnd=2283 PartOfSpeech=VBP Lemma=tackle NamedEntityTag=O]
[Text=minds CharacterOffsetBegin=2284 CharacterOffsetEnd=2289 PartOfSpeech=NNS Lemma=mind NamedEntityTag=O]
[Text=wagonburat CharacterOffsetBegin=2290 CharacterOffsetEnd=2300 PartOfSpeech=JJ Lemma=wagonburat NamedEntityTag=O]
[Text=karras CharacterOffsetBegin=2301 CharacterOffsetEnd=2307 PartOfSpeech=FW Lemma=karras NamedEntityTag=O]
[Text=am CharacterOffsetBegin=2308 CharacterOffsetEnd=2310 PartOfSpeech=VBP Lemma=be NamedEntityTag=O]
[Text=ort CharacterOffsetBegin=2311 CharacterOffsetEnd=2314 PartOfSpeech=JJ Lemma=ort NamedEntityTag=O]
[Text=guards CharacterOffsetBegin=2315 CharacterOffsetEnd=2321 PartOfSpeech=NNS Lemma=guard NamedEntityTag=O]
[Text=wharlgu CharacterOffsetBegin=2322 CharacterOffsetEnd=2329 PartOfSpeech=NNP Lemma=wharlgu NamedEntityTag=O]
[Text=wuodriift CharacterOffsetBegin=2330 CharacterOffsetEnd=2339 PartOfSpeech=NNP Lemma=wuodriift NamedEntityTag=O]
[Text=and CharacterOffsetBegin=2340 CharacterOffsetEnd=2343 PartOfSpeech=CC Lemma=and NamedEntityTag=O]
[Text=han CharacterOffsetBegin=2344 CharacterOffsetEnd=2347 PartOfSpeech=NNP Lemma=han NamedEntityTag=O]
[Text=cork CharacterOffsetBegin=2348 CharacterOffsetEnd=2352 PartOfSpeech=NN Lemma=cork NamedEntityTag=O]
[Text=and CharacterOffsetBegin=2353 CharacterOffsetEnd=2356 PartOfSpeech=CC Lemma=and NamedEntityTag=O]
[Text=centre CharacterOffsetBegin=2357 CharacterOffsetEnd=2363 PartOfSpeech=NN Lemma=centre NamedEntityTag=O]
[Text=nun CharacterOffsetBegin=2364 CharacterOffsetEnd=2367 PartOfSpeech=NN Lemma=nun NamedEntityTag=TITLE]
[Text=hull CharacterOffsetBegin=2368 CharacterOffsetEnd=2372 PartOfSpeech=NN Lemma=hull NamedEntityTag=O]
[Text=preparations CharacterOffsetBegin=2373 CharacterOffsetEnd=2385 PartOfSpeech=NNS Lemma=preparation NamedEntityTag=O]
[Text=for CharacterOffsetBegin=2386 CharacterOffsetEnd=2389 PartOfSpeech=IN Lemma=for NamedEntityTag=O]
[Text=the CharacterOffsetBegin=2390 CharacterOffsetEnd=2393 PartOfSpeech=DT Lemma=the NamedEntityTag=O]
[Text=game CharacterOffsetBegin=2394 CharacterOffsetEnd=2398 PartOfSpeech=NN Lemma=game NamedEntityTag=O]
[Text=are CharacterOffsetBegin=2399 CharacterOffsetEnd=2402 PartOfSpeech=VBP Lemma=be NamedEntityTag=O]
[Text=progressing CharacterOffsetBegin=2403 CharacterOffsetEnd=2414 PartOfSpeech=VBG Lemma=progress NamedEntityTag=O]
[Text=the CharacterOffsetBegin=2415 CharacterOffsetEnd=2418 PartOfSpeech=DT Lemma=the NamedEntityTag=O]
[Text=east CharacterOffsetBegin=2419 CharacterOffsetEnd=2423 PartOfSpeech=NN Lemma=east NamedEntityTag=O]
[Text=and CharacterOffsetBegin=2424 CharacterOffsetEnd=2427 PartOfSpeech=CC Lemma=and NamedEntityTag=O]
[Text=west CharacterOffsetBegin=2428 CharacterOffsetEnd=2432 PartOfSpeech=NN Lemma=west NamedEntityTag=O]
[Text=stands CharacterOffsetBegin=2433 CharacterOffsetEnd=2439 PartOfSpeech=NNS Lemma=stand NamedEntityTag=O]
[Text=are CharacterOffsetBegin=2440 CharacterOffsetEnd=2443 PartOfSpeech=VBP Lemma=be NamedEntityTag=O]
[Text=entirely CharacterOffsetBegin=2444 CharacterOffsetEnd=2452 PartOfSpeech=RB Lemma=entirely NamedEntityTag=O]
[Text=finished CharacterOffsetBegin=2453 CharacterOffsetEnd=2461 PartOfSpeech=VBN Lemma=finish NamedEntityTag=O]
[Text=on CharacterOffsetBegin=2462 CharacterOffsetEnd=2464 PartOfSpeech=IN Lemma=on NamedEntityTag=O]
[Text=the CharacterOffsetBegin=2465 CharacterOffsetEnd=2468 PartOfSpeech=DT Lemma=the NamedEntityTag=O]
[Text=university CharacterOffsetBegin=2469 CharacterOffsetEnd=2479 PartOfSpeech=NN Lemma=university NamedEntityTag=O]
[Text=grounds CharacterOffsetBegin=2480 CharacterOffsetEnd=2487 PartOfSpeech=NNS Lemma=grounds NamedEntityTag=O]
[Text=the CharacterOffsetBegin=2488 CharacterOffsetEnd=2491 PartOfSpeech=DT Lemma=the NamedEntityTag=O]
[Text=south CharacterOffsetBegin=2492 CharacterOffsetEnd=2497 PartOfSpeech=JJ Lemma=south NamedEntityTag=O]
[Text=stand CharacterOffsetBegin=2498 CharacterOffsetEnd=2503 PartOfSpeech=NN Lemma=stand NamedEntityTag=O]
[Text=is CharacterOffsetBegin=2504 CharacterOffsetEnd=2506 PartOfSpeech=VBZ Lemma=be NamedEntityTag=O]
[Text=completed CharacterOffsetBegin=2507 CharacterOffsetEnd=2516 PartOfSpeech=VBN Lemma=complete NamedEntityTag=O]
[Text=all CharacterOffsetBegin=2517 CharacterOffsetEnd=2520 PartOfSpeech=DT Lemma=all NamedEntityTag=O]
[Text=except CharacterOffsetBegin=2521 CharacterOffsetEnd=2527 PartOfSpeech=IN Lemma=except NamedEntityTag=O]
[Text=ftw CharacterOffsetBegin=2528 CharacterOffsetEnd=2531 PartOfSpeech=NN Lemma=ftw NamedEntityTag=O]
[Text=rows CharacterOffsetBegin=2532 CharacterOffsetEnd=2536 PartOfSpeech=NNS Lemma=row NamedEntityTag=O]
[Text=white CharacterOffsetBegin=2537 CharacterOffsetEnd=2542 PartOfSpeech=JJ Lemma=white NamedEntityTag=O]
[Text=the CharacterOffsetBegin=2543 CharacterOffsetEnd=2546 PartOfSpeech=DT Lemma=the NamedEntityTag=O]
[Text=north CharacterOffsetBegin=2547 CharacterOffsetEnd=2552 PartOfSpeech=NN Lemma=north NamedEntityTag=O]
[Text=stand CharacterOffsetBegin=2553 CharacterOffsetEnd=2558 PartOfSpeech=NN Lemma=stand NamedEntityTag=O]
[Text=is CharacterOffsetBegin=2559 CharacterOffsetEnd=2561 PartOfSpeech=VBZ Lemma=be NamedEntityTag=O]
[Text=just CharacterOffsetBegin=2562 CharacterOffsetEnd=2566 PartOfSpeech=RB Lemma=just NamedEntityTag=O]
[Text=taking CharacterOffsetBegin=2567 CharacterOffsetEnd=2573 PartOfSpeech=VBG Lemma=take NamedEntityTag=O]
[Text=shape CharacterOffsetBegin=2574 CharacterOffsetEnd=2579 PartOfSpeech=NN Lemma=shape NamedEntityTag=O]
[Text=the CharacterOffsetBegin=2580 CharacterOffsetEnd=2583 PartOfSpeech=DT Lemma=the NamedEntityTag=O]
[Text=field CharacterOffsetBegin=2584 CharacterOffsetEnd=2589 PartOfSpeech=NN Lemma=field NamedEntityTag=O]
[Text=has CharacterOffsetBegin=2590 CharacterOffsetEnd=2593 PartOfSpeech=VBZ Lemma=have NamedEntityTag=O]
[Text=an CharacterOffsetBegin=2594 CharacterOffsetEnd=2596 PartOfSpeech=DT Lemma=a NamedEntityTag=O]
[Text=imposing CharacterOffsetBegin=2597 CharacterOffsetEnd=2605 PartOfSpeech=VBG Lemma=impose NamedEntityTag=O]
[Text=left CharacterOffsetBegin=2606 CharacterOffsetEnd=2610 PartOfSpeech=JJ Lemma=left NamedEntityTag=O]
[Text=ct CharacterOffsetBegin=2611 CharacterOffsetEnd=2613 PartOfSpeech=NN Lemma=ct NamedEntityTag=O]
[Text=with CharacterOffsetBegin=2614 CharacterOffsetEnd=2618 PartOfSpeech=IN Lemma=with NamedEntityTag=O]
[Text=ills CharacterOffsetBegin=2619 CharacterOffsetEnd=2623 PartOfSpeech=NNS Lemma=ill NamedEntityTag=O]
[Text=000 CharacterOffsetBegin=2624 CharacterOffsetEnd=2627 PartOfSpeech=CD Lemma=000 NamedEntityTag=NUMBER NormalizedNamedEntityTag=0.0]
[Text=seat CharacterOffsetBegin=2628 CharacterOffsetEnd=2632 PartOfSpeech=NN Lemma=seat NamedEntityTag=O]
[Text=rising CharacterOffsetBegin=2633 CharacterOffsetEnd=2639 PartOfSpeech=VBG Lemma=rise NamedEntityTag=O]
[Text=alert CharacterOffsetBegin=2640 CharacterOffsetEnd=2645 PartOfSpeech=NN Lemma=alert NamedEntityTag=O]
[Text=it CharacterOffsetBegin=2646 CharacterOffsetEnd=2648 PartOfSpeech=PRP Lemma=it NamedEntityTag=O]
[Text=and CharacterOffsetBegin=2649 CharacterOffsetEnd=2652 PartOfSpeech=CC Lemma=and NamedEntityTag=O]
[Text=si CharacterOffsetBegin=2653 CharacterOffsetEnd=2655 PartOfSpeech=FW Lemma=si NamedEntityTag=O]
[Text=from CharacterOffsetBegin=2656 CharacterOffsetEnd=2660 PartOfSpeech=IN Lemma=from NamedEntityTag=O]
[Text=today CharacterOffsetBegin=2661 CharacterOffsetEnd=2666 PartOfSpeech=NN Lemma=today NamedEntityTag=DATE NormalizedNamedEntityTag=THIS P1D Timex=<TIMEX3 alt_value="THIS P1D" anchorTimeID="t0" temporalFunction="true" tid="t4" type="DATE" valueFromFunction="tf0">today</TIMEX3>]
[Text=sale CharacterOffsetBegin=2667 CharacterOffsetEnd=2671 PartOfSpeech=NN Lemma=sale NamedEntityTag=O]
[Text=it CharacterOffsetBegin=2672 CharacterOffsetEnd=2674 PartOfSpeech=PRP Lemma=it NamedEntityTag=O]
[Text=loooksaa CharacterOffsetBegin=2675 CharacterOffsetEnd=2683 PartOfSpeech=VBD Lemma=loooksaa NamedEntityTag=O]
[Text=if CharacterOffsetBegin=2684 CharacterOffsetEnd=2686 PartOfSpeech=IN Lemma=if NamedEntityTag=O]
[Text=all CharacterOffsetBegin=2687 CharacterOffsetEnd=2690 PartOfSpeech=PDT Lemma=all NamedEntityTag=O]
[Text=the CharacterOffsetBegin=2691 CharacterOffsetEnd=2694 PartOfSpeech=DT Lemma=the NamedEntityTag=O]
[Text=people CharacterOffsetBegin=2695 CharacterOffsetEnd=2701 PartOfSpeech=NNS Lemma=people NamedEntityTag=O]
[Text=could CharacterOffsetBegin=2702 CharacterOffsetEnd=2707 PartOfSpeech=MD Lemma=could NamedEntityTag=O]
[Text=not CharacterOffsetBegin=2708 CharacterOffsetEnd=2711 PartOfSpeech=RB Lemma=not NamedEntityTag=O]
[Text=iii CharacterOffsetBegin=2712 CharacterOffsetEnd=2715 PartOfSpeech=CD Lemma=iii NamedEntityTag=NUMBER NormalizedNamedEntityTag=0.0]
[Text=accommodated CharacterOffsetBegin=2716 CharacterOffsetEnd=2728 PartOfSpeech=VBN Lemma=accommodate NamedEntityTag=O]

Dependency Parse (enhanced plus plus dependencies):
root(ROOT-0, hl-233)
aux(lielleved-152, had-1)
compound(joxljyrraif-4, guns-2)
compound(joxljyrraif-4, ron-3)
compound(kalita-6, joxljyrraif-4)
amod(kalita-6, apt-5)
compound(nhat-9, kalita-6)
advmod(bad-8, much-7)
amod(nhat-9, bad-8)
obj(able-15, nhat-9)
nsubj:pass(lielleved-152, nhat-9)
ref(nhat-9, that-10)
nsubj(able-15, he-11)
aux(able-15, may-12)
advmod(able-15, not-13)
cop(able-15, be-14)
acl:relcl(nhat-9, able-15)
compound(la-17, 1-16)
nsubj(scene-31, la-17)
aux(scene-31, may-18)
nummod(aa-20, 1-19)
compound(house-27, aa-20)
compound(otti-24, thursday-21)
compound(otti-24, piiitauuihia-22)
compound(otti-24, nov-23)
compound(house-27, otti-24)
compound(house-27, university-25)
compound(house-27, training-26)
nsubj(scene-31, house-27)
cop(scene-31, was-28)
advmod(scene-31, again-29)
det(scene-31, the-30)
dep(able-15, scene-31)
case(activity-33, of-32)
nmod:of(scene-31, activity-33)
obl:tmod(scene-31, today-34)
det(trip-36, the-35)
nsubj(thing-63, trip-36)
case(sprjlitffield-38, to-37)
nmod:to(trip-36, sprjlitffield-38)
case(witness-40, to-39)
obl:to(beneficial-48, witness-40)
det(game-43, the-41)
compound(game-43, yaleharvard-42)
nsubj(beneficial-48, game-43)
aux(beneficial-48, has-44)
cop(beneficial-48, been-45)
case(beneficial-48, far-46)
fixed(far-46, from-47)
acl:relcl(trip-36, beneficial-48)
case(condition-51, to-49)
det(condition-51, the-50)
obl:to(beneficial-48, condition-51)
case(diet-56, of-52)
det(diet-56, the-53)
compound(players-55, university-54)
compound(diet-56, players-55)
nmod:of(condition-51, diet-56)
case(pie-59, of-57)
compound(pie-59, railroad-58)
nmod:of(diet-56, pie-59)
cop(thing-63, is-60)
advmod(good-62, hardly-61)
amod(thing-63, good-62)
parataxis(scene-31, thing-63)
case(men-66, for-64)
compound(men-66, football-65)
nmod:for(thing-63, men-66)
cc(expected-148, and-67)
cc:preconj(expected-148, neither-68)
cop(expected-148, are-69)
amod(railroad-71, long-70)
nsubj:pass(expected-148, railroad-71)
advmod(good-73, journ-72)
amod(railroad-71, good-73)
det(strain-76, the-74)
amod(strain-76, nervous-75)
iobj(good-73, strain-76)
case(iieksliig-79, of-77)
compound(iieksliig-79, wit-78)
nmod:of(strain-76, iieksliig-79)
amod(contest-81, such-80)
dep(strain-76, contest-81)
case(one-86, as-82)
det(one-86, the-83)
advmod(lively-85, very-84)
amod(one-86, lively-85)
nmod:as(contest-81, one-86)
case(saturday-88, of-87)
nmod:of(one-86, saturday-88)
det(players-90, the-89)
nsubj(worse-98, players-90)
nummod(players-90, one-91)
cc(clare-95, and-92)
det(clare-95, all-93)
compound(clare-95, de-94)
conj:and(players-90, clare-95)
nsubj(worse-98, clare-95)
mark(worse-98, to-96)
cop(worse-98, be-97)
acl:to(one-86, worse-98)
case(playing-100, than-99)
advcl:than(admitted-109, playing-100)
case(game-103, in-101)
det(game-103, the-102)
obl:in(playing-100, game-103)
obl:npmod(game-103, itself-104)
nsubj:pass(admitted-109, it-105)
aux:pass(admitted-109, is-106)
advmod(admitted-109, now-107)
advmod(admitted-109, generally-108)
ccomp(worse-98, admitted-109)
mark(better-116, that-110)
nsubj(better-116, it-111)
nsubj:xsubj(sent-119, it-111)
aux(better-116, would-112)
aux(better-116, have-113)
cop(better-116, been-114)
advmod(better-116, uiuuh-115)
ccomp(admitted-109, better-116)
mark(sent-119, to-117)
aux(sent-119, have-118)
xcomp(better-116, sent-119)
amod(men-122, several-120)
amod(men-122, experienced-121)
obj(sent-119, men-122)
nummod(witness-124, 10-123)
dep(men-122, witness-124)
det(play-126, the-125)
dep(witness-124, play-126)
cc(kept-128, and-127)
xcomp(better-116, kept-128)
conj:and(sent-119, kept-128)
det(rest-130, the-129)
obj(kept-128, rest-130)
advmod(kept-128, hard-131)
case(work-133, at-132)
obl:at(kept-128, work-133)
case(home-135, at-134)
obl:at(kept-128, home-135)
advmod(kept-128, however-136)
mark(done-141, while-137)
det(trip-139, the-138)
nsubj(done-141, trip-139)
aux(done-141, has-140)
advcl:while(kept-128, done-141)
nsubj(told-143, no-142)
ccomp(done-141, told-143)
case(men-146, to-144)
det(men-146, the-145)
obl:to(told-143, men-146)
aux:pass(expected-148, was-147)
parataxis(scene-31, expected-148)
conj:and(thing-63, expected-148)
obj(expected-148, it-149)
aux:pass(lielleved-152, is-150)
advmod(lielleved-152, not-151)
nsubj(hl-233, lielleved-152)
mark(resulted-157, that-153)
det(harm-155, any-154)
nsubj(resulted-157, harm-155)
advmod(resulted-157, less-156)
ccomp(lielleved-152, resulted-157)
obl:tmod(grounds-164, today-158)
nsubj(grounds-164, game-159)
cop(grounds-164, was-160)
case(grounds-164, on-161)
det(grounds-164, the-162)
nummod(grounds-164, 31-163)
ccomp(resulted-157, grounds-164)
mark(resolved-171, because-165)
det(field-168, the-166)
compound(field-168, university-167)
nsubj:pass(resolved-171, field-168)
aux(resolved-171, is-169)
aux:pass(resolved-171, being-170)
advcl:because(grounds-164, resolved-171)
case(centre-174, down-172)
nmod:poss(centre-174, its-173)
obl:down(resolved-171, centre-174)
case(length-179, for-175)
advmod(length-179, nearly-176)
det(length-179, the-177)
amod(length-179, entire-178)
obl:for(resolved-171, length-179)
case(gridiron-182, of-180)
det(gridiron-182, the-181)
nmod:of(length-179, gridiron-182)
det(play-184, the-183)
nsubj(time-189, play-184)
cop(time-189, was-185)
advmod(unique-187, rather-186)
amod(time-189, unique-187)
compound(time-189, tile-188)
parataxis(resolved-171, time-189)
aux:pass(devoted-191, being-190)
advcl(gone-211, devoted-191)
advmod(devoted-191, mostly-192)
case(football-195, to-193)
compound(football-195, association-194)
obl:to(devoted-191, football-195)
case(purpose-198, for-196)
det(purpose-198, the-197)
obl:for(devoted-191, purpose-198)
case(speed-201, of-199)
amod(speed-201, developing-200)
nmod:of(purpose-198, speed-201)
cc(wind-203, and-202)
nmod:of(purpose-198, wind-203)
conj:and(speed-201, wind-203)
det(israelite-207, the-204)
amod(israelite-207, usual-205)
compound(israelite-207, signal-206)
nsubj:pass(gone-211, israelite-207)
aux:pass(gone-211, was-208)
advmod(gone-211, of-209)
fixed(of-209, course-210)
csubj(founding-216, gone-211)
case(walonhiiru-213, through-212)
obl:through(gone-211, walonhiiru-213)
cop(founding-216, is-214)
amod(founding-216, fast-215)
parataxis(time-189, founding-216)
case(shape-218, into-217)
nmod:into(founding-216, shape-218)
advmod(founding-216, again-219)
cc(condition-225, and-220)
aux(condition-225, should-221)
cop(condition-225, be-222)
case(condition-225, in-223)
amod(condition-225, fine-224)
parataxis(time-189, condition-225)
conj:and(founding-216, condition-225)
case(churc-228, by-226)
amod(churc-228, next-227)
obl:by(condition-225, churc-228)
aux(whatley-230, ll-229)
dep(founding-216, whatley-230)
aux(hl-233, will-231)
aux(hl-233, ll-232)
case(him-235, fn-234)
obl:fn(hl-233, him-235)
compound(game-239, ilya-236)
compound(game-239, haiti-237)
compound(game-239, inagnlflrent-238)
obj(hl-233, game-239)
mark(good-246, while-240)
det:predet(players-244, all-241)
det(players-244, the-242)
amod(players-244, other-243)
nsubj(good-246, players-244)
cop(good-246, are-245)
advcl:while(hl-233, good-246)
case(ploslcall-249, as-247)
advmod(ploslcall-249, ever-248)
advcl:as(good-246, ploslcall-249)
case(exception-252, with-250)
det(exception-252, this-251)
obl:with(good-246, exception-252)
case(knope-255, of-253)
amod(knope-255, apt-254)
nmod:of(exception-252, knope-255)
nsubj(looks-257, it-256)
parataxis(hl-233, looks-257)
xcomp(looks-257, probable-258)
advmod(looks-257, now-259)
mark(able-268, that-260)
det(leader-264, the-261)
amod(leader-264, sturdy-262)
compound(leader-264, pennsylvania-263)
nsubj(able-268, leader-264)
aux(able-268, will-265)
advmod(able-268, not-266)
cop(able-268, be-267)
ccomp(hl-233, able-268)
case(part-271, in-269)
compound(part-271, take-270)
obl:in(news-286, part-271)
case(game-278, in-272)
det(game-278, this-273)
amod(game-278, last-274)
cc(important-277, and-275)
advmod(important-277, most-276)
conj:and(last-274, important-277)
amod(game-278, important-277)
nmod:in(part-271, game-278)
case(career-282, of-279)
compound(career-282, hu-280)
compound(career-282, football-281)
nmod:of(game-278, career-282)
nsubj(news-286, that-283)
cop(news-286, is-284)
amod(news-286, bad-285)
ccomp(able-268, news-286)
case(followers-289, to-287)
compound(followers-289, pennsylvania-288)
obl:to(news-286, followers-289)
nsubj(saw-291, who-290)
dep(followers-289, saw-291)
case(effect-293, to-292)
obl:to(saw-291, effect-293)
case(absence-296, of-294)
amod(absence-296, lit-295)
nmod:of(effect-293, absence-296)
case(interference-299, on-297)
det(interference-299, the-298)
nmod:on(absence-296, interference-299)
nummod(game-303, iii-300)
det(game-303, the-301)
compound(game-303, cornell-302)
dep(interference-299, game-303)
nmod:poss(knee-305, his-304)
nsubj(shape-310, knee-305)
cop(shape-310, is-306)
case(shape-310, in-307)
advmod(bad-309, very-308)
amod(shape-310, bad-309)
dep(game-303, shape-310)
cc(made-316, but-311)
det(effort-313, every-312)
nsubj:pass(made-316, effort-313)
aux(made-316, will-314)
aux:pass(made-316, be-315)
dep(followers-289, made-316)
conj:but(saw-291, made-316)
xcomp(made-316, tn-317)
case(him-319, round-318)
obl:round(tn-317, him-319)
dep(tn-317, up-320)
case(condition-323, into-321)
amod(condition-323, fair-322)
obl:into(tn-317, condition-323)
obl:tmod(tn-317, tonight-324)
det(squad-327, the-325)
compound(squad-327, football-326)
nsubj(lap-347, squad-327)
case(regular-330, including-328)
cc:preconj(regular-330, both-329)
obl:including(lap-347, regular-330)
cc(left-333, and-331)
nsubj(left-333, substitutes-332)
conj:and(regular-330, left-333)
obl:including(lap-347, left-333)
nummod(city-336, 1-334)
det(city-336, the-335)
obj(left-333, city-336)
case(practice-340, for-337)
compound(practice-340, se-338)
compound(practice-340, cret-339)
obl:for(left-333, practice-340)
det(destination-342, the-341)
nsubj(lap-347, destination-342)
cop(lap-347, is-343)
det(lap-347, the-344)
compound(lap-347, delaware-345)
compound(lap-347, water-346)
parataxis(tn-317, lap-347)
advmod(prepared-350, where-348)
nsubj(prepared-350, they-349)
ccomp(lap-347, prepared-350)
case(battle-353, for-351)
det(battle-353, the-352)
obl:for(had-360, battle-353)
case(princeton-355, against-354)
nmod:against(battle-353, princeton-355)
det(air-359, the-356)
amod(air-359, fine-357)
compound(air-359, racing-358)
nsubj(had-360, air-359)
ccomp(prepared-350, had-360)
amod(effect-362, wonderful-361)
obj(had-360, effect-362)
case(visit-366, in-363)
nmod:poss(visit-366, their-364)
amod(visit-366, former-365)
obl:in(had-360, visit-366)
det(players-368, the-367)
nsubj(eager-370, players-368)
cop(eager-370, being-369)
advcl(taking-460, eager-370)
case(work-372, for-371)
obl:for(eager-370, work-372)
mark(mountains-378, while-373)
nsubj(mountains-378, they-374)
cop(mountains-378, were-375)
case(mountains-378, in-376)
det(mountains-378, the-377)
advcl:in(eager-370, mountains-378)
dep(mountains-378, call-379)
nsubj(has-382, 1-380)
advmod(has-382, only-381)
ccomp(call-379, has-382)
case(him-384, with-383)
obl:with(has-382, him-384)
nsubj(following-386, he-385)
nsubj(allen-392, he-385)
ccomp(has-382, following-386)
compound(baths-389, men-387)
compound(baths-389, kail-388)
obj(following-386, baths-389)
advmod(following-386, ranks-390)
cc(allen-392, and-391)
ccomp(has-382, allen-392)
conj:and(following-386, allen-392)
amod(backs-394, half-393)
obj(allen-392, backs-394)
compound(thomas-397, brood-395)
amod(thomas-397, flat-396)
dep(backs-394, thomas-397)
amod(thomas-397, worth-398)
cc(ilaxsett-400, and-399)
amod(thomas-397, ilaxsett-400)
conj:and(worth-398, ilaxsett-400)
compound(luck-402, quarter-401)
compound(williams-403, luck-402)
dep(worth-398, williams-403)
cc(ends-406, and-404)
nsubj(ends-406, half-405)
dep(backs-394, ends-406)
conj:and(thomas-397, ends-406)
compound(llosengarten-408, dickson-407)
obj(ends-406, llosengarten-408)
cc(progressing-432, and-409)
nsubj(progressing-432, 1111-410)
dep(progressing-432, tackle-411)
dep(guards-417, minds-412)
amod(karras-414, wagonburat-413)
nsubj(guards-417, karras-414)
cop(guards-417, am-415)
amod(guards-417, ort-416)
csubj(progressing-432, guards-417)
compound(wuodriift-419, wharlgu-418)
compound(preparations-427, wuodriift-419)
cc(cork-422, and-420)
compound(cork-422, han-421)
conj:and(wuodriift-419, cork-422)
compound(preparations-427, cork-422)
cc(centre-424, and-423)
conj:and(wuodriift-419, centre-424)
compound(preparations-427, centre-424)
compound(hull-426, nun-425)
compound(preparations-427, hull-426)
obj(guards-417, preparations-427)
case(game-430, for-428)
det(game-430, the-429)
nmod:for(preparations-427, game-430)
aux(progressing-432, are-431)
conj:and(thomas-397, progressing-432)
conj:and(ends-406, progressing-432)
det(stands-437, the-433)
compound(stands-437, east-434)
cc(west-436, and-435)
conj:and(east-434, west-436)
compound(stands-437, west-436)
obj(progressing-432, stands-437)
aux:pass(finished-440, are-438)
advmod(finished-440, entirely-439)
dep(completed-449, finished-440)
case(grounds-444, on-441)
det(grounds-444, the-442)
compound(grounds-444, university-443)
obl:on(completed-449, grounds-444)
det(stand-447, the-445)
amod(stand-447, south-446)
nsubj:pass(completed-449, stand-447)
aux:pass(completed-449, is-448)
csubj(taking-460, completed-449)
obj(completed-449, all-450)
case(rows-453, except-451)
compound(rows-453, ftw-452)
nmod:except(all-450, rows-453)
amod(stand-457, white-454)
det(stand-457, the-455)
compound(stand-457, north-456)
dep(rows-453, stand-457)
aux(taking-460, is-458)
advmod(taking-460, just-459)
parataxis(had-360, taking-460)
obj(taking-460, shape-461)
det(field-463, the-462)
obj(shape-461, field-463)
aux(loooksaa-482, has-464)
det(ct-468, an-465)
amod(ct-468, imposing-466)
amod(ct-468, left-467)
nsubj(loooksaa-482, ct-468)
mark(rising-473, with-469)
compound(seat-472, ills-470)
nummod(ills-470, 000-471)
nsubj(rising-473, seat-472)
acl:with(ct-468, rising-473)
obj(rising-473, alert-474)
obj(rising-473, it-475)
cc(si-477, and-476)
obj(rising-473, si-477)
conj:and(it-475, si-477)
case(sale-480, from-478)
compound(sale-480, today-479)
obl:from(rising-473, sale-480)
nsubj(loooksaa-482, it-481)
parataxis(taking-460, loooksaa-482)
mark(accommodated-490, if-483)
det:predet(people-486, all-484)
det(people-486, the-485)
nsubj(accommodated-490, people-486)
aux(accommodated-490, could-487)
advmod(iii-489, not-488)
nsubj(accommodated-490, iii-489)
advcl:if(loooksaa-482, accommodated-490)

Extracted the following NER entity mentions:
1	NUMBER	NUMBER:-1.0
may 1	DATE	DATE:-1.0
thursday	DATE	DATE:0.9893473876417784
nov	DATE	DATE:-1.0
today	DATE	DATE:-1.0
one	NUMBER	NUMBER:-1.0
saturday	DATE	DATE:0.9884485621707304
one	NUMBER	NUMBER:-1.0
now	DATE	DATE:-1.0
10	NUMBER	NUMBER:-1.0
today	DATE	DATE:0.6457840676874419
31	NUMBER	NUMBER:-1.0
now	DATE	DATE:-1.0
pennsylvania	STATE_OR_PROVINCE	-
leader	TITLE	-
pennsylvania	STATE_OR_PROVINCE	LOCATION:0.5370693219401222
iii	NUMBER	NUMBER:-1.0
tonight	DATE	DATE:-1.0
1	NUMBER	NUMBER:-1.0
delaware	STATE_OR_PROVINCE	-
1	NUMBER	NUMBER:-1.0
1111	DATE	DATE:0.9526844941650334
nun	TITLE	-
000	NUMBER	NUMBER:-1.0
today	DATE	DATE:-1.0
iii	NUMBER	NUMBER:-1.0
he	PERSON	-
him	PERSON	-
his	PERSON	-
him	PERSON	-
him	PERSON	-
he	PERSON	-

Coreference set:
	(1,430,[429,431]) -> (1,43,[41,44]), that is: "the game" -> "the yaleharvard game"

Coreference set:
	(1,444,[442,445]) -> (1,27,[19,28]), that is: "the university grounds" -> "1 aa thursday piiitauuihia nov otti university training house"

Coreference set:
	(1,349,[349,350]) -> (1,334,[334,335]), that is: "they" -> "1"

Coreference set:
	(1,105,[105,106]) -> (1,104,[104,105]), that is: "it" -> "itself"
	(1,111,[111,112]) -> (1,104,[104,105]), that is: "it" -> "itself"
	(1,149,[149,150]) -> (1,104,[104,105]), that is: "it" -> "itself"
	(1,173,[173,174]) -> (1,104,[104,105]), that is: "its" -> "itself"
	(1,256,[256,257]) -> (1,104,[104,105]), that is: "it" -> "itself"

Coreference set:
	(1,235,[235,236]) -> (1,310,[308,311]), that is: "him" -> "very bad shape"
	(1,304,[304,305]) -> (1,310,[308,311]), that is: "his" -> "very bad shape"
	(1,313,[312,314]) -> (1,310,[308,311]), that is: "every effort" -> "very bad shape"
	(1,319,[319,320]) -> (1,310,[308,311]), that is: "him" -> "very bad shape"
	(1,327,[325,328]) -> (1,310,[308,311]), that is: "the football squad" -> "very bad shape"
	(1,384,[384,385]) -> (1,310,[308,311]), that is: "him" -> "very bad shape"
	(1,385,[385,386]) -> (1,310,[308,311]), that is: "he" -> "very bad shape"

Coreference set:
	(1,463,[462,464]) -> (1,168,[166,169]), that is: "the field" -> "the university field"

Coreference set:
	(1,368,[367,369]) -> (1,90,[89,92]), that is: "the players" -> "the players one"

Coreference set:
	(1,158,[158,159]) -> (1,34,[34,35]), that is: "today" -> "today"
	(1,468,[465,481]) -> (1,34,[34,35]), that is: "an imposing left ct with ills 000 seat rising alert it and si from today sale" -> "today"
	(1,480,[479,481]) -> (1,34,[34,35]), that is: "today sale" -> "today"
	(1,479,[479,480]) -> (1,34,[34,35]), that is: "today" -> "today"

Coreference set:
	(1,364,[364,365]) -> (1,355,[355,356]), that is: "their" -> "princeton"
	(1,374,[374,375]) -> (1,355,[355,356]), that is: "they" -> "princeton"
	(1,475,[475,476]) -> (1,355,[355,356]), that is: "it" -> "princeton"
	(1,481,[481,482]) -> (1,355,[355,356]), that is: "it" -> "princeton"
